[0.028s] Invoking command in '/home/parallels/test/build/yolobot_recognition': CMAKE_PREFIX_PATH=${CMAKE_PREFIX_PATH}:/opt/ros/iron /usr/bin/cmake --build /home/parallels/test/build/yolobot_recognition -- -j8 -l8
[0.087s] Invoked command in '/home/parallels/test/build/yolobot_recognition' returned '0': CMAKE_PREFIX_PATH=${CMAKE_PREFIX_PATH}:/opt/ros/iron /usr/bin/cmake --build /home/parallels/test/build/yolobot_recognition -- -j8 -l8
[0.138s] Invoking command in '/home/parallels/test/build/yolobot_recognition': CMAKE_PREFIX_PATH=${CMAKE_PREFIX_PATH}:/opt/ros/iron /usr/bin/cmake --install /home/parallels/test/build/yolobot_recognition
[0.153s] -- Install configuration: ""
[0.153s] -- Up-to-date: /home/parallels/test/install/yolobot_recognition/share/yolobot_recognition//scripts
[0.154s] -- Up-to-date: /home/parallels/test/install/yolobot_recognition/share/yolobot_recognition//scripts/.dockerignore
[0.179s] -- Up-to-date: /home/parallels/test/install/yolobot_recognition/share/yolobot_recognition//scripts/.gitignore
[0.179s] -- Up-to-date: /home/parallels/test/install/yolobot_recognition/share/yolobot_recognition//scripts/yolov8_ros2_subscriber.py
[0.179s] -- Up-to-date: /home/parallels/test/install/yolobot_recognition/share/yolobot_recognition//scripts/.gitattributes
[0.179s] -- Up-to-date: /home/parallels/test/install/yolobot_recognition/share/yolobot_recognition//scripts/yolov8_ros2_pt.py
[0.180s] -- Up-to-date: /home/parallels/test/install/yolobot_recognition/share/yolobot_recognition//scripts/yolov8n.pt
[0.180s] -- Up-to-date: /home/parallels/test/install/yolobot_recognition/share/yolobot_recognition//launch
[0.180s] -- Up-to-date: /home/parallels/test/install/yolobot_recognition/share/yolobot_recognition//launch/launch_yolov8.launch.py
[0.180s] -- Up-to-date: /home/parallels/test/install/yolobot_recognition/lib/yolobot_recognition/yolov8_ros2_pt.py
[0.180s] -- Up-to-date: /home/parallels/test/install/yolobot_recognition/lib/yolobot_recognition/yolov8_ros2_subscriber.py
[0.180s] -- Up-to-date: /home/parallels/test/install/yolobot_recognition/lib/yolobot_recognition/launch_yolov8.launch.py
[0.181s] -- Up-to-date: /home/parallels/test/install/yolobot_recognition/share/ament_index/resource_index/package_run_dependencies/yolobot_recognition
[0.181s] -- Up-to-date: /home/parallels/test/install/yolobot_recognition/share/ament_index/resource_index/parent_prefix_path/yolobot_recognition
[0.181s] -- Up-to-date: /home/parallels/test/install/yolobot_recognition/share/yolobot_recognition/environment/ament_prefix_path.sh
[0.181s] -- Up-to-date: /home/parallels/test/install/yolobot_recognition/share/yolobot_recognition/environment/ament_prefix_path.dsv
[0.181s] -- Up-to-date: /home/parallels/test/install/yolobot_recognition/share/yolobot_recognition/environment/path.sh
[0.181s] -- Up-to-date: /home/parallels/test/install/yolobot_recognition/share/yolobot_recognition/environment/path.dsv
[0.181s] -- Up-to-date: /home/parallels/test/install/yolobot_recognition/share/yolobot_recognition/local_setup.bash
[0.182s] -- Up-to-date: /home/parallels/test/install/yolobot_recognition/share/yolobot_recognition/local_setup.sh
[0.182s] -- Up-to-date: /home/parallels/test/install/yolobot_recognition/share/yolobot_recognition/local_setup.zsh
[0.182s] -- Up-to-date: /home/parallels/test/install/yolobot_recognition/share/yolobot_recognition/local_setup.dsv
[0.182s] -- Installing: /home/parallels/test/install/yolobot_recognition/share/yolobot_recognition/package.dsv
[0.182s] -- Up-to-date: /home/parallels/test/install/yolobot_recognition/share/ament_index/resource_index/packages/yolobot_recognition
[0.182s] -- Up-to-date: /home/parallels/test/install/yolobot_recognition/share/yolobot_recognition/cmake/yolobot_recognitionConfig.cmake
[0.183s] -- Up-to-date: /home/parallels/test/install/yolobot_recognition/share/yolobot_recognition/cmake/yolobot_recognitionConfig-version.cmake
[0.183s] -- Up-to-date: /home/parallels/test/install/yolobot_recognition/share/yolobot_recognition/package.xml
[0.203s] Invoked command in '/home/parallels/test/build/yolobot_recognition' returned '0': CMAKE_PREFIX_PATH=${CMAKE_PREFIX_PATH}:/opt/ros/iron /usr/bin/cmake --install /home/parallels/test/build/yolobot_recognition
