[0.569s] DEBUG:colcon:Command line arguments: ['/usr/bin/colcon', 'build']
[0.569s] DEBUG:colcon:Parsed command line arguments: Namespace(log_base=None, log_level=None, verb_name='build', build_base='build', install_base='install', merge_install=False, symlink_install=False, test_result_base=None, continue_on_error=False, executor='parallel', parallel_workers=8, event_handlers=None, ignore_user_meta=False, metas=['./colcon.meta'], base_paths=['.'], packages_ignore=None, packages_ignore_regex=None, paths=None, packages_up_to=None, packages_up_to_regex=None, packages_above=None, packages_above_and_dependencies=None, packages_above_depth=None, packages_select_by_dep=None, packages_skip_by_dep=None, packages_skip_up_to=None, packages_select_build_failed=False, packages_skip_build_finished=False, packages_select_test_failures=False, packages_skip_test_passed=False, packages_select=None, packages_skip=None, packages_select_regex=None, packages_skip_regex=None, packages_start=None, packages_end=None, allow_overriding=[], cmake_args=None, cmake_target=None, cmake_target_skip_unavailable=False, cmake_clean_cache=False, cmake_clean_first=False, cmake_force_configure=False, ament_cmake_args=None, catkin_cmake_args=None, catkin_skip_building_tests=False, mixin_files=None, mixin=None, verb_parser=<colcon_mixin.mixin.mixin_argument.MixinArgumentDecorator object at 0x79a17f64a0e0>, verb_extension=<colcon_core.verb.build.BuildVerb object at 0x79a17f73e710>, main=<bound method BuildVerb.main of <colcon_core.verb.build.BuildVerb object at 0x79a17f73e710>>, mixin_verb=('build',))
[1.094s] Level 1:colcon.colcon_core.package_discovery:discover_packages(colcon_meta) check parameters
[1.094s] Level 1:colcon.colcon_core.package_discovery:discover_packages(recursive) check parameters
[1.094s] Level 1:colcon.colcon_core.package_discovery:discover_packages(ignore) check parameters
[1.094s] Level 1:colcon.colcon_core.package_discovery:discover_packages(path) check parameters
[1.094s] Level 1:colcon.colcon_core.package_discovery:discover_packages(colcon_meta) discover
[1.094s] Level 1:colcon.colcon_core.package_discovery:discover_packages(recursive) discover
[1.094s] INFO:colcon.colcon_core.package_discovery:Crawling recursively for packages in '/home/parallels/test'
[1.094s] Level 1:colcon.colcon_core.package_identification:_identify(.) by extensions ['ignore', 'ignore_ament_install']
[1.095s] Level 1:colcon.colcon_core.package_identification:_identify(.) by extension 'ignore'
[1.095s] Level 1:colcon.colcon_core.package_identification:_identify(.) by extension 'ignore_ament_install'
[1.095s] Level 1:colcon.colcon_core.package_identification:_identify(.) by extensions ['colcon_pkg']
[1.095s] Level 1:colcon.colcon_core.package_identification:_identify(.) by extension 'colcon_pkg'
[1.095s] Level 1:colcon.colcon_core.package_identification:_identify(.) by extensions ['colcon_meta']
[1.095s] Level 1:colcon.colcon_core.package_identification:_identify(.) by extension 'colcon_meta'
[1.095s] Level 1:colcon.colcon_core.package_identification:_identify(.) by extensions ['ros']
[1.095s] Level 1:colcon.colcon_core.package_identification:_identify(.) by extension 'ros'
[1.122s] Level 1:colcon.colcon_core.package_identification:_identify(.) by extensions ['cmake', 'python']
[1.122s] Level 1:colcon.colcon_core.package_identification:_identify(.) by extension 'cmake'
[1.122s] Level 1:colcon.colcon_core.package_identification:_identify(.) by extension 'python'
[1.122s] Level 1:colcon.colcon_core.package_identification:_identify(.) by extensions ['python_setup_py']
[1.122s] Level 1:colcon.colcon_core.package_identification:_identify(.) by extension 'python_setup_py'
[1.123s] Level 1:colcon.colcon_core.package_identification:_identify(build) by extensions ['ignore', 'ignore_ament_install']
[1.123s] Level 1:colcon.colcon_core.package_identification:_identify(build) by extension 'ignore'
[1.123s] Level 1:colcon.colcon_core.package_identification:_identify(build) ignored
[1.123s] Level 1:colcon.colcon_core.package_identification:_identify(install) by extensions ['ignore', 'ignore_ament_install']
[1.123s] Level 1:colcon.colcon_core.package_identification:_identify(install) by extension 'ignore'
[1.123s] Level 1:colcon.colcon_core.package_identification:_identify(install) ignored
[1.123s] Level 1:colcon.colcon_core.package_identification:_identify(log) by extensions ['ignore', 'ignore_ament_install']
[1.123s] Level 1:colcon.colcon_core.package_identification:_identify(log) by extension 'ignore'
[1.124s] Level 1:colcon.colcon_core.package_identification:_identify(log) ignored
[1.124s] Level 1:colcon.colcon_core.package_identification:_identify(src) by extensions ['ignore', 'ignore_ament_install']
[1.124s] Level 1:colcon.colcon_core.package_identification:_identify(src) by extension 'ignore'
[1.124s] Level 1:colcon.colcon_core.package_identification:_identify(src) by extension 'ignore_ament_install'
[1.124s] Level 1:colcon.colcon_core.package_identification:_identify(src) by extensions ['colcon_pkg']
[1.125s] Level 1:colcon.colcon_core.package_identification:_identify(src) by extension 'colcon_pkg'
[1.125s] Level 1:colcon.colcon_core.package_identification:_identify(src) by extensions ['colcon_meta']
[1.125s] Level 1:colcon.colcon_core.package_identification:_identify(src) by extension 'colcon_meta'
[1.125s] Level 1:colcon.colcon_core.package_identification:_identify(src) by extensions ['ros']
[1.125s] Level 1:colcon.colcon_core.package_identification:_identify(src) by extension 'ros'
[1.125s] Level 1:colcon.colcon_core.package_identification:_identify(src) by extensions ['cmake', 'python']
[1.125s] Level 1:colcon.colcon_core.package_identification:_identify(src) by extension 'cmake'
[1.125s] Level 1:colcon.colcon_core.package_identification:_identify(src) by extension 'python'
[1.125s] Level 1:colcon.colcon_core.package_identification:_identify(src) by extensions ['python_setup_py']
[1.125s] Level 1:colcon.colcon_core.package_identification:_identify(src) by extension 'python_setup_py'
[1.126s] Level 1:colcon.colcon_core.package_identification:_identify(src/mobile_robot) by extensions ['ignore', 'ignore_ament_install']
[1.126s] Level 1:colcon.colcon_core.package_identification:_identify(src/mobile_robot) by extension 'ignore'
[1.126s] Level 1:colcon.colcon_core.package_identification:_identify(src/mobile_robot) by extension 'ignore_ament_install'
[1.126s] Level 1:colcon.colcon_core.package_identification:_identify(src/mobile_robot) by extensions ['colcon_pkg']
[1.126s] Level 1:colcon.colcon_core.package_identification:_identify(src/mobile_robot) by extension 'colcon_pkg'
[1.126s] Level 1:colcon.colcon_core.package_identification:_identify(src/mobile_robot) by extensions ['colcon_meta']
[1.126s] Level 1:colcon.colcon_core.package_identification:_identify(src/mobile_robot) by extension 'colcon_meta'
[1.126s] Level 1:colcon.colcon_core.package_identification:_identify(src/mobile_robot) by extensions ['ros']
[1.126s] Level 1:colcon.colcon_core.package_identification:_identify(src/mobile_robot) by extension 'ros'
[1.132s] DEBUG:colcon.colcon_core.package_identification:Package 'src/mobile_robot' with type 'ros.ament_cmake' and name 'mobile_robot'
[1.132s] Level 1:colcon.colcon_core.package_identification:_identify(src/mobile_robot_msgs) by extensions ['ignore', 'ignore_ament_install']
[1.133s] Level 1:colcon.colcon_core.package_identification:_identify(src/mobile_robot_msgs) by extension 'ignore'
[1.133s] Level 1:colcon.colcon_core.package_identification:_identify(src/mobile_robot_msgs) by extension 'ignore_ament_install'
[1.133s] Level 1:colcon.colcon_core.package_identification:_identify(src/mobile_robot_msgs) by extensions ['colcon_pkg']
[1.133s] Level 1:colcon.colcon_core.package_identification:_identify(src/mobile_robot_msgs) by extension 'colcon_pkg'
[1.133s] Level 1:colcon.colcon_core.package_identification:_identify(src/mobile_robot_msgs) by extensions ['colcon_meta']
[1.133s] Level 1:colcon.colcon_core.package_identification:_identify(src/mobile_robot_msgs) by extension 'colcon_meta'
[1.133s] Level 1:colcon.colcon_core.package_identification:_identify(src/mobile_robot_msgs) by extensions ['ros']
[1.133s] Level 1:colcon.colcon_core.package_identification:_identify(src/mobile_robot_msgs) by extension 'ros'
[1.134s] DEBUG:colcon.colcon_core.package_identification:Package 'src/mobile_robot_msgs' with type 'ros.ament_cmake' and name 'yolov8_msgs'
[1.135s] Level 1:colcon.colcon_core.package_identification:_identify(src/mobile_robot_recognition) by extensions ['ignore', 'ignore_ament_install']
[1.135s] Level 1:colcon.colcon_core.package_identification:_identify(src/mobile_robot_recognition) by extension 'ignore'
[1.135s] Level 1:colcon.colcon_core.package_identification:_identify(src/mobile_robot_recognition) by extension 'ignore_ament_install'
[1.135s] Level 1:colcon.colcon_core.package_identification:_identify(src/mobile_robot_recognition) by extensions ['colcon_pkg']
[1.135s] Level 1:colcon.colcon_core.package_identification:_identify(src/mobile_robot_recognition) by extension 'colcon_pkg'
[1.135s] Level 1:colcon.colcon_core.package_identification:_identify(src/mobile_robot_recognition) by extensions ['colcon_meta']
[1.135s] Level 1:colcon.colcon_core.package_identification:_identify(src/mobile_robot_recognition) by extension 'colcon_meta'
[1.136s] Level 1:colcon.colcon_core.package_identification:_identify(src/mobile_robot_recognition) by extensions ['ros']
[1.136s] Level 1:colcon.colcon_core.package_identification:_identify(src/mobile_robot_recognition) by extension 'ros'
[1.137s] DEBUG:colcon.colcon_core.package_identification:Package 'src/mobile_robot_recognition' with type 'ros.ament_cmake' and name 'yolobot_recognition'
[1.137s] Level 1:colcon.colcon_core.package_identification:_identify(~) by extensions ['ignore', 'ignore_ament_install']
[1.137s] Level 1:colcon.colcon_core.package_identification:_identify(~) by extension 'ignore'
[1.137s] Level 1:colcon.colcon_core.package_identification:_identify(~) by extension 'ignore_ament_install'
[1.138s] Level 1:colcon.colcon_core.package_identification:_identify(~) by extensions ['colcon_pkg']
[1.138s] Level 1:colcon.colcon_core.package_identification:_identify(~) by extension 'colcon_pkg'
[1.138s] Level 1:colcon.colcon_core.package_identification:_identify(~) by extensions ['colcon_meta']
[1.138s] Level 1:colcon.colcon_core.package_identification:_identify(~) by extension 'colcon_meta'
[1.138s] Level 1:colcon.colcon_core.package_identification:_identify(~) by extensions ['ros']
[1.138s] Level 1:colcon.colcon_core.package_identification:_identify(~) by extension 'ros'
[1.138s] Level 1:colcon.colcon_core.package_identification:_identify(~) by extensions ['cmake', 'python']
[1.138s] Level 1:colcon.colcon_core.package_identification:_identify(~) by extension 'cmake'
[1.138s] Level 1:colcon.colcon_core.package_identification:_identify(~) by extension 'python'
[1.138s] Level 1:colcon.colcon_core.package_identification:_identify(~) by extensions ['python_setup_py']
[1.138s] Level 1:colcon.colcon_core.package_identification:_identify(~) by extension 'python_setup_py'
[1.139s] Level 1:colcon.colcon_core.package_identification:_identify(~/yolobot) by extensions ['ignore', 'ignore_ament_install']
[1.139s] Level 1:colcon.colcon_core.package_identification:_identify(~/yolobot) by extension 'ignore'
[1.139s] Level 1:colcon.colcon_core.package_identification:_identify(~/yolobot) by extension 'ignore_ament_install'
[1.139s] Level 1:colcon.colcon_core.package_identification:_identify(~/yolobot) by extensions ['colcon_pkg']
[1.139s] Level 1:colcon.colcon_core.package_identification:_identify(~/yolobot) by extension 'colcon_pkg'
[1.139s] Level 1:colcon.colcon_core.package_identification:_identify(~/yolobot) by extensions ['colcon_meta']
[1.139s] Level 1:colcon.colcon_core.package_identification:_identify(~/yolobot) by extension 'colcon_meta'
[1.139s] Level 1:colcon.colcon_core.package_identification:_identify(~/yolobot) by extensions ['ros']
[1.139s] Level 1:colcon.colcon_core.package_identification:_identify(~/yolobot) by extension 'ros'
[1.139s] Level 1:colcon.colcon_core.package_identification:_identify(~/yolobot) by extensions ['cmake', 'python']
[1.139s] Level 1:colcon.colcon_core.package_identification:_identify(~/yolobot) by extension 'cmake'
[1.139s] Level 1:colcon.colcon_core.package_identification:_identify(~/yolobot) by extension 'python'
[1.140s] Level 1:colcon.colcon_core.package_identification:_identify(~/yolobot) by extensions ['python_setup_py']
[1.140s] Level 1:colcon.colcon_core.package_identification:_identify(~/yolobot) by extension 'python_setup_py'
[1.140s] Level 1:colcon.colcon_core.package_identification:_identify(~/yolobot/src) by extensions ['ignore', 'ignore_ament_install']
[1.140s] Level 1:colcon.colcon_core.package_identification:_identify(~/yolobot/src) by extension 'ignore'
[1.140s] Level 1:colcon.colcon_core.package_identification:_identify(~/yolobot/src) by extension 'ignore_ament_install'
[1.140s] Level 1:colcon.colcon_core.package_identification:_identify(~/yolobot/src) by extensions ['colcon_pkg']
[1.140s] Level 1:colcon.colcon_core.package_identification:_identify(~/yolobot/src) by extension 'colcon_pkg'
[1.140s] Level 1:colcon.colcon_core.package_identification:_identify(~/yolobot/src) by extensions ['colcon_meta']
[1.140s] Level 1:colcon.colcon_core.package_identification:_identify(~/yolobot/src) by extension 'colcon_meta'
[1.140s] Level 1:colcon.colcon_core.package_identification:_identify(~/yolobot/src) by extensions ['ros']
[1.140s] Level 1:colcon.colcon_core.package_identification:_identify(~/yolobot/src) by extension 'ros'
[1.140s] Level 1:colcon.colcon_core.package_identification:_identify(~/yolobot/src) by extensions ['cmake', 'python']
[1.140s] Level 1:colcon.colcon_core.package_identification:_identify(~/yolobot/src) by extension 'cmake'
[1.141s] Level 1:colcon.colcon_core.package_identification:_identify(~/yolobot/src) by extension 'python'
[1.141s] Level 1:colcon.colcon_core.package_identification:_identify(~/yolobot/src) by extensions ['python_setup_py']
[1.141s] Level 1:colcon.colcon_core.package_identification:_identify(~/yolobot/src) by extension 'python_setup_py'
[1.141s] Level 1:colcon.colcon_core.package_identification:_identify(~/yolobot/src/yolobot_recognition) by extensions ['ignore', 'ignore_ament_install']
[1.141s] Level 1:colcon.colcon_core.package_identification:_identify(~/yolobot/src/yolobot_recognition) by extension 'ignore'
[1.141s] Level 1:colcon.colcon_core.package_identification:_identify(~/yolobot/src/yolobot_recognition) by extension 'ignore_ament_install'
[1.141s] Level 1:colcon.colcon_core.package_identification:_identify(~/yolobot/src/yolobot_recognition) by extensions ['colcon_pkg']
[1.141s] Level 1:colcon.colcon_core.package_identification:_identify(~/yolobot/src/yolobot_recognition) by extension 'colcon_pkg'
[1.141s] Level 1:colcon.colcon_core.package_identification:_identify(~/yolobot/src/yolobot_recognition) by extensions ['colcon_meta']
[1.141s] Level 1:colcon.colcon_core.package_identification:_identify(~/yolobot/src/yolobot_recognition) by extension 'colcon_meta'
[1.141s] Level 1:colcon.colcon_core.package_identification:_identify(~/yolobot/src/yolobot_recognition) by extensions ['ros']
[1.141s] Level 1:colcon.colcon_core.package_identification:_identify(~/yolobot/src/yolobot_recognition) by extension 'ros'
[1.142s] Level 1:colcon.colcon_core.package_identification:_identify(~/yolobot/src/yolobot_recognition) by extensions ['cmake', 'python']
[1.142s] Level 1:colcon.colcon_core.package_identification:_identify(~/yolobot/src/yolobot_recognition) by extension 'cmake'
[1.142s] Level 1:colcon.colcon_core.package_identification:_identify(~/yolobot/src/yolobot_recognition) by extension 'python'
[1.142s] Level 1:colcon.colcon_core.package_identification:_identify(~/yolobot/src/yolobot_recognition) by extensions ['python_setup_py']
[1.142s] Level 1:colcon.colcon_core.package_identification:_identify(~/yolobot/src/yolobot_recognition) by extension 'python_setup_py'
[1.142s] Level 1:colcon.colcon_core.package_identification:_identify(~/yolobot/src/yolobot_recognition/scripts) by extensions ['ignore', 'ignore_ament_install']
[1.142s] Level 1:colcon.colcon_core.package_identification:_identify(~/yolobot/src/yolobot_recognition/scripts) by extension 'ignore'
[1.142s] Level 1:colcon.colcon_core.package_identification:_identify(~/yolobot/src/yolobot_recognition/scripts) by extension 'ignore_ament_install'
[1.142s] Level 1:colcon.colcon_core.package_identification:_identify(~/yolobot/src/yolobot_recognition/scripts) by extensions ['colcon_pkg']
[1.142s] Level 1:colcon.colcon_core.package_identification:_identify(~/yolobot/src/yolobot_recognition/scripts) by extension 'colcon_pkg'
[1.142s] Level 1:colcon.colcon_core.package_identification:_identify(~/yolobot/src/yolobot_recognition/scripts) by extensions ['colcon_meta']
[1.142s] Level 1:colcon.colcon_core.package_identification:_identify(~/yolobot/src/yolobot_recognition/scripts) by extension 'colcon_meta'
[1.142s] Level 1:colcon.colcon_core.package_identification:_identify(~/yolobot/src/yolobot_recognition/scripts) by extensions ['ros']
[1.143s] Level 1:colcon.colcon_core.package_identification:_identify(~/yolobot/src/yolobot_recognition/scripts) by extension 'ros'
[1.143s] Level 1:colcon.colcon_core.package_identification:_identify(~/yolobot/src/yolobot_recognition/scripts) by extensions ['cmake', 'python']
[1.143s] Level 1:colcon.colcon_core.package_identification:_identify(~/yolobot/src/yolobot_recognition/scripts) by extension 'cmake'
[1.143s] Level 1:colcon.colcon_core.package_identification:_identify(~/yolobot/src/yolobot_recognition/scripts) by extension 'python'
[1.143s] Level 1:colcon.colcon_core.package_identification:_identify(~/yolobot/src/yolobot_recognition/scripts) by extensions ['python_setup_py']
[1.143s] Level 1:colcon.colcon_core.package_identification:_identify(~/yolobot/src/yolobot_recognition/scripts) by extension 'python_setup_py'
[1.143s] Level 1:colcon.colcon_core.package_discovery:discover_packages(recursive) using defaults
[1.143s] Level 1:colcon.colcon_core.package_discovery:discover_packages(ignore) discover
[1.143s] Level 1:colcon.colcon_core.package_discovery:discover_packages(ignore) using defaults
[1.143s] Level 1:colcon.colcon_core.package_discovery:discover_packages(path) discover
[1.143s] Level 1:colcon.colcon_core.package_discovery:discover_packages(path) using defaults
[1.209s] Level 1:colcon.colcon_core.package_discovery:discover_packages(prefix_path) check parameters
[1.209s] Level 1:colcon.colcon_core.package_discovery:discover_packages(prefix_path) discover
[1.220s] DEBUG:colcon.colcon_installed_package_information.package_discovery:Found 297 installed packages in /opt/ros/iron
[1.224s] Level 1:colcon.colcon_core.package_discovery:discover_packages(prefix_path) using defaults
[1.292s] Level 5:colcon.colcon_core.verb:set package 'mobile_robot' build argument 'cmake_args' from command line to 'None'
[1.292s] Level 5:colcon.colcon_core.verb:set package 'mobile_robot' build argument 'cmake_target' from command line to 'None'
[1.292s] Level 5:colcon.colcon_core.verb:set package 'mobile_robot' build argument 'cmake_target_skip_unavailable' from command line to 'False'
[1.292s] Level 5:colcon.colcon_core.verb:set package 'mobile_robot' build argument 'cmake_clean_cache' from command line to 'False'
[1.292s] Level 5:colcon.colcon_core.verb:set package 'mobile_robot' build argument 'cmake_clean_first' from command line to 'False'
[1.292s] Level 5:colcon.colcon_core.verb:set package 'mobile_robot' build argument 'cmake_force_configure' from command line to 'False'
[1.292s] Level 5:colcon.colcon_core.verb:set package 'mobile_robot' build argument 'ament_cmake_args' from command line to 'None'
[1.292s] Level 5:colcon.colcon_core.verb:set package 'mobile_robot' build argument 'catkin_cmake_args' from command line to 'None'
[1.292s] Level 5:colcon.colcon_core.verb:set package 'mobile_robot' build argument 'catkin_skip_building_tests' from command line to 'False'
[1.292s] DEBUG:colcon.colcon_core.verb:Building package 'mobile_robot' with the following arguments: {'ament_cmake_args': None, 'build_base': '/home/parallels/test/build/mobile_robot', 'catkin_cmake_args': None, 'catkin_skip_building_tests': False, 'cmake_args': None, 'cmake_clean_cache': False, 'cmake_clean_first': False, 'cmake_force_configure': False, 'cmake_target': None, 'cmake_target_skip_unavailable': False, 'install_base': '/home/parallels/test/install/mobile_robot', 'merge_install': False, 'path': '/home/parallels/test/src/mobile_robot', 'symlink_install': False, 'test_result_base': None}
[1.293s] Level 5:colcon.colcon_core.verb:set package 'yolobot_recognition' build argument 'cmake_args' from command line to 'None'
[1.293s] Level 5:colcon.colcon_core.verb:set package 'yolobot_recognition' build argument 'cmake_target' from command line to 'None'
[1.293s] Level 5:colcon.colcon_core.verb:set package 'yolobot_recognition' build argument 'cmake_target_skip_unavailable' from command line to 'False'
[1.293s] Level 5:colcon.colcon_core.verb:set package 'yolobot_recognition' build argument 'cmake_clean_cache' from command line to 'False'
[1.293s] Level 5:colcon.colcon_core.verb:set package 'yolobot_recognition' build argument 'cmake_clean_first' from command line to 'False'
[1.293s] Level 5:colcon.colcon_core.verb:set package 'yolobot_recognition' build argument 'cmake_force_configure' from command line to 'False'
[1.293s] Level 5:colcon.colcon_core.verb:set package 'yolobot_recognition' build argument 'ament_cmake_args' from command line to 'None'
[1.293s] Level 5:colcon.colcon_core.verb:set package 'yolobot_recognition' build argument 'catkin_cmake_args' from command line to 'None'
[1.294s] Level 5:colcon.colcon_core.verb:set package 'yolobot_recognition' build argument 'catkin_skip_building_tests' from command line to 'False'
[1.294s] DEBUG:colcon.colcon_core.verb:Building package 'yolobot_recognition' with the following arguments: {'ament_cmake_args': None, 'build_base': '/home/parallels/test/build/yolobot_recognition', 'catkin_cmake_args': None, 'catkin_skip_building_tests': False, 'cmake_args': None, 'cmake_clean_cache': False, 'cmake_clean_first': False, 'cmake_force_configure': False, 'cmake_target': None, 'cmake_target_skip_unavailable': False, 'install_base': '/home/parallels/test/install/yolobot_recognition', 'merge_install': False, 'path': '/home/parallels/test/src/mobile_robot_recognition', 'symlink_install': False, 'test_result_base': None}
[1.294s] Level 5:colcon.colcon_core.verb:set package 'yolov8_msgs' build argument 'cmake_args' from command line to 'None'
[1.294s] Level 5:colcon.colcon_core.verb:set package 'yolov8_msgs' build argument 'cmake_target' from command line to 'None'
[1.294s] Level 5:colcon.colcon_core.verb:set package 'yolov8_msgs' build argument 'cmake_target_skip_unavailable' from command line to 'False'
[1.294s] Level 5:colcon.colcon_core.verb:set package 'yolov8_msgs' build argument 'cmake_clean_cache' from command line to 'False'
[1.294s] Level 5:colcon.colcon_core.verb:set package 'yolov8_msgs' build argument 'cmake_clean_first' from command line to 'False'
[1.294s] Level 5:colcon.colcon_core.verb:set package 'yolov8_msgs' build argument 'cmake_force_configure' from command line to 'False'
[1.294s] Level 5:colcon.colcon_core.verb:set package 'yolov8_msgs' build argument 'ament_cmake_args' from command line to 'None'
[1.294s] Level 5:colcon.colcon_core.verb:set package 'yolov8_msgs' build argument 'catkin_cmake_args' from command line to 'None'
[1.295s] Level 5:colcon.colcon_core.verb:set package 'yolov8_msgs' build argument 'catkin_skip_building_tests' from command line to 'False'
[1.295s] DEBUG:colcon.colcon_core.verb:Building package 'yolov8_msgs' with the following arguments: {'ament_cmake_args': None, 'build_base': '/home/parallels/test/build/yolov8_msgs', 'catkin_cmake_args': None, 'catkin_skip_building_tests': False, 'cmake_args': None, 'cmake_clean_cache': False, 'cmake_clean_first': False, 'cmake_force_configure': False, 'cmake_target': None, 'cmake_target_skip_unavailable': False, 'install_base': '/home/parallels/test/install/yolov8_msgs', 'merge_install': False, 'path': '/home/parallels/test/src/mobile_robot_msgs', 'symlink_install': False, 'test_result_base': None}
[1.295s] INFO:colcon.colcon_core.executor:Executing jobs using 'parallel' executor
[1.296s] DEBUG:colcon.colcon_parallel_executor.executor.parallel:run_until_complete
[1.296s] INFO:colcon.colcon_ros.task.ament_cmake.build:Building ROS package in '/home/parallels/test/src/mobile_robot' with build type 'ament_cmake'
[1.297s] INFO:colcon.colcon_cmake.task.cmake.build:Building CMake package in '/home/parallels/test/src/mobile_robot'
[1.308s] INFO:colcon.colcon_core.plugin_system:Skipping extension 'colcon_core.shell.bat': Not used on non-Windows systems
[1.309s] INFO:colcon.colcon_core.shell:Skip shell extension 'powershell' for command environment: Not usable outside of PowerShell
[1.309s] DEBUG:colcon.colcon_core.shell:Skip shell extension 'dsv' for command environment
[1.315s] INFO:colcon.colcon_ros.task.ament_cmake.build:Building ROS package in '/home/parallels/test/src/mobile_robot_recognition' with build type 'ament_cmake'
[1.315s] INFO:colcon.colcon_cmake.task.cmake.build:Building CMake package in '/home/parallels/test/src/mobile_robot_recognition'
[1.315s] INFO:colcon.colcon_core.shell:Skip shell extension 'powershell' for command environment: Not usable outside of PowerShell
[1.315s] DEBUG:colcon.colcon_core.shell:Skip shell extension 'dsv' for command environment
[1.320s] INFO:colcon.colcon_ros.task.ament_cmake.build:Building ROS package in '/home/parallels/test/src/mobile_robot_msgs' with build type 'ament_cmake'
[1.320s] INFO:colcon.colcon_cmake.task.cmake.build:Building CMake package in '/home/parallels/test/src/mobile_robot_msgs'
[1.320s] INFO:colcon.colcon_core.shell:Skip shell extension 'powershell' for command environment: Not usable outside of PowerShell
[1.320s] DEBUG:colcon.colcon_core.shell:Skip shell extension 'dsv' for command environment
[1.331s] DEBUG:colcon.colcon_core.event_handler.log_command:Invoking command in '/home/parallels/test/build/mobile_robot': CMAKE_PREFIX_PATH=/opt/ros/iron /usr/bin/cmake --build /home/parallels/test/build/mobile_robot -- -j8 -l8
[1.344s] DEBUG:colcon.colcon_core.event_handler.log_command:Invoking command in '/home/parallels/test/build/yolobot_recognition': CMAKE_PREFIX_PATH=/opt/ros/iron /usr/bin/cmake --build /home/parallels/test/build/yolobot_recognition -- -j8 -l8
[1.352s] DEBUG:colcon.colcon_core.event_handler.log_command:Invoking command in '/home/parallels/test/build/yolov8_msgs': CMAKE_PREFIX_PATH=/opt/ros/iron /usr/bin/cmake --build /home/parallels/test/build/yolov8_msgs -- -j8 -l8
[1.467s] DEBUG:colcon.colcon_core.event_handler.log_command:Invoked command in '/home/parallels/test/build/yolobot_recognition' returned '0': CMAKE_PREFIX_PATH=/opt/ros/iron /usr/bin/cmake --build /home/parallels/test/build/yolobot_recognition -- -j8 -l8
[1.470s] DEBUG:colcon.colcon_core.event_handler.log_command:Invoked command in '/home/parallels/test/build/mobile_robot' returned '0': CMAKE_PREFIX_PATH=/opt/ros/iron /usr/bin/cmake --build /home/parallels/test/build/mobile_robot -- -j8 -l8
[1.526s] DEBUG:colcon.colcon_core.event_handler.log_command:Invoking command in '/home/parallels/test/build/mobile_robot': CMAKE_PREFIX_PATH=/opt/ros/iron /usr/bin/cmake --install /home/parallels/test/build/mobile_robot
[1.530s] DEBUG:colcon.colcon_core.event_handler.log_command:Invoking command in '/home/parallels/test/build/yolobot_recognition': CMAKE_PREFIX_PATH=/opt/ros/iron /usr/bin/cmake --install /home/parallels/test/build/yolobot_recognition
[1.560s] Level 1:colcon.colcon_core.environment:create_environment_scripts_only(yolobot_recognition)
[1.566s] DEBUG:colcon.colcon_core.event_handler.log_command:Invoked command in '/home/parallels/test/build/yolobot_recognition' returned '0': CMAKE_PREFIX_PATH=/opt/ros/iron /usr/bin/cmake --install /home/parallels/test/build/yolobot_recognition
[1.586s] Level 1:colcon.colcon_core.environment:checking '/home/parallels/test/install/yolobot_recognition' for CMake module files
[1.587s] Level 1:colcon.colcon_core.environment:checking '/home/parallels/test/install/yolobot_recognition' for CMake config files
[1.589s] Level 1:colcon.colcon_core.shell:create_environment_hook('yolobot_recognition', 'cmake_prefix_path')
[1.590s] INFO:colcon.colcon_core.shell:Creating environment hook '/home/parallels/test/install/yolobot_recognition/share/yolobot_recognition/hook/cmake_prefix_path.ps1'
[1.593s] INFO:colcon.colcon_core.shell:Creating environment descriptor '/home/parallels/test/install/yolobot_recognition/share/yolobot_recognition/hook/cmake_prefix_path.dsv'
[1.594s] INFO:colcon.colcon_core.shell:Creating environment hook '/home/parallels/test/install/yolobot_recognition/share/yolobot_recognition/hook/cmake_prefix_path.sh'
[1.597s] Level 1:colcon.colcon_core.environment:checking '/home/parallels/test/install/yolobot_recognition/lib'
[1.598s] Level 1:colcon.colcon_core.environment:checking '/home/parallels/test/install/yolobot_recognition/bin'
[1.598s] Level 1:colcon.colcon_core.environment:checking '/home/parallels/test/install/yolobot_recognition/lib/pkgconfig/yolobot_recognition.pc'
[1.598s] Level 1:colcon.colcon_core.environment:checking '/home/parallels/test/install/yolobot_recognition/lib/python3.10/site-packages'
[1.599s] Level 1:colcon.colcon_core.environment:checking '/home/parallels/test/install/yolobot_recognition/bin'
[1.599s] INFO:colcon.colcon_core.shell:Creating package script '/home/parallels/test/install/yolobot_recognition/share/yolobot_recognition/package.ps1'
[1.602s] INFO:colcon.colcon_core.shell:Creating package descriptor '/home/parallels/test/install/yolobot_recognition/share/yolobot_recognition/package.dsv'
[1.604s] INFO:colcon.colcon_core.shell:Creating package script '/home/parallels/test/install/yolobot_recognition/share/yolobot_recognition/package.sh'
[1.606s] INFO:colcon.colcon_core.shell:Creating package script '/home/parallels/test/install/yolobot_recognition/share/yolobot_recognition/package.bash'
[1.610s] INFO:colcon.colcon_core.shell:Creating package script '/home/parallels/test/install/yolobot_recognition/share/yolobot_recognition/package.zsh'
[1.614s] Level 1:colcon.colcon_core.environment:create_file_with_runtime_dependencies(/home/parallels/test/install/yolobot_recognition/share/colcon-core/packages/yolobot_recognition)
[1.622s] Level 1:colcon.colcon_core.environment:create_environment_scripts_only(mobile_robot)
[1.623s] Level 1:colcon.colcon_core.environment:checking '/home/parallels/test/install/mobile_robot' for CMake module files
[1.626s] DEBUG:colcon.colcon_core.event_handler.log_command:Invoked command in '/home/parallels/test/build/mobile_robot' returned '0': CMAKE_PREFIX_PATH=/opt/ros/iron /usr/bin/cmake --install /home/parallels/test/build/mobile_robot
[1.626s] Level 1:colcon.colcon_core.environment:checking '/home/parallels/test/install/mobile_robot' for CMake config files
[1.628s] Level 1:colcon.colcon_core.shell:create_environment_hook('mobile_robot', 'cmake_prefix_path')
[1.628s] INFO:colcon.colcon_core.shell:Creating environment hook '/home/parallels/test/install/mobile_robot/share/mobile_robot/hook/cmake_prefix_path.ps1'
[1.630s] INFO:colcon.colcon_core.shell:Creating environment descriptor '/home/parallels/test/install/mobile_robot/share/mobile_robot/hook/cmake_prefix_path.dsv'
[1.631s] INFO:colcon.colcon_core.shell:Creating environment hook '/home/parallels/test/install/mobile_robot/share/mobile_robot/hook/cmake_prefix_path.sh'
[1.632s] Level 1:colcon.colcon_core.environment:checking '/home/parallels/test/install/mobile_robot/bin'
[1.632s] Level 1:colcon.colcon_core.environment:checking '/home/parallels/test/install/mobile_robot/lib/pkgconfig/mobile_robot.pc'
[1.632s] Level 1:colcon.colcon_core.environment:checking '/home/parallels/test/install/mobile_robot/lib/python3.10/site-packages'
[1.633s] Level 1:colcon.colcon_core.environment:checking '/home/parallels/test/install/mobile_robot/bin'
[1.635s] INFO:colcon.colcon_core.shell:Creating package script '/home/parallels/test/install/mobile_robot/share/mobile_robot/package.ps1'
[1.636s] INFO:colcon.colcon_core.shell:Creating package descriptor '/home/parallels/test/install/mobile_robot/share/mobile_robot/package.dsv'
[1.637s] INFO:colcon.colcon_core.shell:Creating package script '/home/parallels/test/install/mobile_robot/share/mobile_robot/package.sh'
[1.638s] INFO:colcon.colcon_core.shell:Creating package script '/home/parallels/test/install/mobile_robot/share/mobile_robot/package.bash'
[1.639s] INFO:colcon.colcon_core.shell:Creating package script '/home/parallels/test/install/mobile_robot/share/mobile_robot/package.zsh'
[1.639s] Level 1:colcon.colcon_core.environment:create_file_with_runtime_dependencies(/home/parallels/test/install/mobile_robot/share/colcon-core/packages/mobile_robot)
[1.660s] Level 1:colcon.colcon_core.environment:create_environment_scripts_only(yolobot_recognition)
[1.660s] Level 1:colcon.colcon_core.environment:checking '/home/parallels/test/install/yolobot_recognition' for CMake module files
[1.661s] Level 1:colcon.colcon_core.environment:checking '/home/parallels/test/install/yolobot_recognition' for CMake config files
[1.662s] Level 1:colcon.colcon_core.shell:create_environment_hook('yolobot_recognition', 'cmake_prefix_path')
[1.662s] INFO:colcon.colcon_core.shell:Creating environment hook '/home/parallels/test/install/yolobot_recognition/share/yolobot_recognition/hook/cmake_prefix_path.ps1'
[1.663s] INFO:colcon.colcon_core.shell:Creating environment descriptor '/home/parallels/test/install/yolobot_recognition/share/yolobot_recognition/hook/cmake_prefix_path.dsv'
[1.664s] INFO:colcon.colcon_core.shell:Creating environment hook '/home/parallels/test/install/yolobot_recognition/share/yolobot_recognition/hook/cmake_prefix_path.sh'
[1.665s] Level 1:colcon.colcon_core.environment:checking '/home/parallels/test/install/yolobot_recognition/lib'
[1.665s] Level 1:colcon.colcon_core.environment:checking '/home/parallels/test/install/yolobot_recognition/bin'
[1.665s] Level 1:colcon.colcon_core.environment:checking '/home/parallels/test/install/yolobot_recognition/lib/pkgconfig/yolobot_recognition.pc'
[1.665s] Level 1:colcon.colcon_core.environment:checking '/home/parallels/test/install/yolobot_recognition/lib/python3.10/site-packages'
[1.665s] Level 1:colcon.colcon_core.environment:checking '/home/parallels/test/install/yolobot_recognition/bin'
[1.666s] INFO:colcon.colcon_core.shell:Creating package script '/home/parallels/test/install/yolobot_recognition/share/yolobot_recognition/package.ps1'
[1.667s] INFO:colcon.colcon_core.shell:Creating package descriptor '/home/parallels/test/install/yolobot_recognition/share/yolobot_recognition/package.dsv'
[1.667s] INFO:colcon.colcon_core.shell:Creating package script '/home/parallels/test/install/yolobot_recognition/share/yolobot_recognition/package.sh'
[1.668s] INFO:colcon.colcon_core.shell:Creating package script '/home/parallels/test/install/yolobot_recognition/share/yolobot_recognition/package.bash'
[1.668s] INFO:colcon.colcon_core.shell:Creating package script '/home/parallels/test/install/yolobot_recognition/share/yolobot_recognition/package.zsh'
[1.669s] Level 1:colcon.colcon_core.environment:create_file_with_runtime_dependencies(/home/parallels/test/install/yolobot_recognition/share/colcon-core/packages/yolobot_recognition)
[1.684s] Level 1:colcon.colcon_core.environment:create_environment_scripts_only(mobile_robot)
[1.684s] Level 1:colcon.colcon_core.environment:checking '/home/parallels/test/install/mobile_robot' for CMake module files
[1.685s] Level 1:colcon.colcon_core.environment:checking '/home/parallels/test/install/mobile_robot' for CMake config files
[1.685s] Level 1:colcon.colcon_core.shell:create_environment_hook('mobile_robot', 'cmake_prefix_path')
[1.686s] INFO:colcon.colcon_core.shell:Creating environment hook '/home/parallels/test/install/mobile_robot/share/mobile_robot/hook/cmake_prefix_path.ps1'
[1.686s] INFO:colcon.colcon_core.shell:Creating environment descriptor '/home/parallels/test/install/mobile_robot/share/mobile_robot/hook/cmake_prefix_path.dsv'
[1.687s] INFO:colcon.colcon_core.shell:Creating environment hook '/home/parallels/test/install/mobile_robot/share/mobile_robot/hook/cmake_prefix_path.sh'
[1.687s] Level 1:colcon.colcon_core.environment:checking '/home/parallels/test/install/mobile_robot/bin'
[1.687s] Level 1:colcon.colcon_core.environment:checking '/home/parallels/test/install/mobile_robot/lib/pkgconfig/mobile_robot.pc'
[1.688s] Level 1:colcon.colcon_core.environment:checking '/home/parallels/test/install/mobile_robot/lib/python3.10/site-packages'
[1.688s] Level 1:colcon.colcon_core.environment:checking '/home/parallels/test/install/mobile_robot/bin'
[1.689s] INFO:colcon.colcon_core.shell:Creating package script '/home/parallels/test/install/mobile_robot/share/mobile_robot/package.ps1'
[1.690s] INFO:colcon.colcon_core.shell:Creating package descriptor '/home/parallels/test/install/mobile_robot/share/mobile_robot/package.dsv'
[1.690s] INFO:colcon.colcon_core.shell:Creating package script '/home/parallels/test/install/mobile_robot/share/mobile_robot/package.sh'
[1.691s] INFO:colcon.colcon_core.shell:Creating package script '/home/parallels/test/install/mobile_robot/share/mobile_robot/package.bash'
[1.691s] INFO:colcon.colcon_core.shell:Creating package script '/home/parallels/test/install/mobile_robot/share/mobile_robot/package.zsh'
[1.692s] Level 1:colcon.colcon_core.environment:create_file_with_runtime_dependencies(/home/parallels/test/install/mobile_robot/share/colcon-core/packages/mobile_robot)
[2.057s] DEBUG:colcon.colcon_core.event_handler.log_command:Invoked command in '/home/parallels/test/build/yolov8_msgs' returned '0': CMAKE_PREFIX_PATH=/opt/ros/iron /usr/bin/cmake --build /home/parallels/test/build/yolov8_msgs -- -j8 -l8
[2.258s] DEBUG:colcon.colcon_core.event_handler.log_command:Invoking command in '/home/parallels/test/build/yolov8_msgs': CMAKE_PREFIX_PATH=/opt/ros/iron /usr/bin/cmake --install /home/parallels/test/build/yolov8_msgs
[2.350s] Level 1:colcon.colcon_core.environment:create_environment_scripts_only(yolov8_msgs)
[2.350s] Level 1:colcon.colcon_core.environment:checking '/home/parallels/test/install/yolov8_msgs' for CMake module files
[2.351s] DEBUG:colcon.colcon_core.event_handler.log_command:Invoked command in '/home/parallels/test/build/yolov8_msgs' returned '0': CMAKE_PREFIX_PATH=/opt/ros/iron /usr/bin/cmake --install /home/parallels/test/build/yolov8_msgs
[2.352s] Level 1:colcon.colcon_core.environment:checking '/home/parallels/test/install/yolov8_msgs' for CMake config files
[2.353s] Level 1:colcon.colcon_core.shell:create_environment_hook('yolov8_msgs', 'cmake_prefix_path')
[2.354s] INFO:colcon.colcon_core.shell:Creating environment hook '/home/parallels/test/install/yolov8_msgs/share/yolov8_msgs/hook/cmake_prefix_path.ps1'
[2.354s] INFO:colcon.colcon_core.shell:Creating environment descriptor '/home/parallels/test/install/yolov8_msgs/share/yolov8_msgs/hook/cmake_prefix_path.dsv'
[2.355s] INFO:colcon.colcon_core.shell:Creating environment hook '/home/parallels/test/install/yolov8_msgs/share/yolov8_msgs/hook/cmake_prefix_path.sh'
[2.355s] Level 1:colcon.colcon_core.environment:checking '/home/parallels/test/install/yolov8_msgs/lib'
[2.355s] Level 1:colcon.colcon_core.shell:create_environment_hook('yolov8_msgs', 'ld_library_path_lib')
[2.356s] INFO:colcon.colcon_core.shell:Creating environment hook '/home/parallels/test/install/yolov8_msgs/share/yolov8_msgs/hook/ld_library_path_lib.ps1'
[2.356s] INFO:colcon.colcon_core.shell:Creating environment descriptor '/home/parallels/test/install/yolov8_msgs/share/yolov8_msgs/hook/ld_library_path_lib.dsv'
[2.356s] INFO:colcon.colcon_core.shell:Creating environment hook '/home/parallels/test/install/yolov8_msgs/share/yolov8_msgs/hook/ld_library_path_lib.sh'
[2.357s] Level 1:colcon.colcon_core.environment:checking '/home/parallels/test/install/yolov8_msgs/bin'
[2.357s] Level 1:colcon.colcon_core.environment:checking '/home/parallels/test/install/yolov8_msgs/lib/pkgconfig/yolov8_msgs.pc'
[2.357s] Level 1:colcon.colcon_core.environment:checking '/home/parallels/test/install/yolov8_msgs/lib/python3.10/site-packages'
[2.357s] Level 1:colcon.colcon_core.shell:create_environment_hook('yolov8_msgs', 'pythonpath')
[2.358s] INFO:colcon.colcon_core.shell:Creating environment hook '/home/parallels/test/install/yolov8_msgs/share/yolov8_msgs/hook/pythonpath.ps1'
[2.358s] INFO:colcon.colcon_core.shell:Creating environment descriptor '/home/parallels/test/install/yolov8_msgs/share/yolov8_msgs/hook/pythonpath.dsv'
[2.359s] INFO:colcon.colcon_core.shell:Creating environment hook '/home/parallels/test/install/yolov8_msgs/share/yolov8_msgs/hook/pythonpath.sh'
[2.359s] Level 1:colcon.colcon_core.environment:checking '/home/parallels/test/install/yolov8_msgs/bin'
[2.360s] INFO:colcon.colcon_core.shell:Creating package script '/home/parallels/test/install/yolov8_msgs/share/yolov8_msgs/package.ps1'
[2.360s] INFO:colcon.colcon_core.shell:Creating package descriptor '/home/parallels/test/install/yolov8_msgs/share/yolov8_msgs/package.dsv'
[2.361s] INFO:colcon.colcon_core.shell:Creating package script '/home/parallels/test/install/yolov8_msgs/share/yolov8_msgs/package.sh'
[2.361s] INFO:colcon.colcon_core.shell:Creating package script '/home/parallels/test/install/yolov8_msgs/share/yolov8_msgs/package.bash'
[2.362s] INFO:colcon.colcon_core.shell:Creating package script '/home/parallels/test/install/yolov8_msgs/share/yolov8_msgs/package.zsh'
[2.362s] Level 1:colcon.colcon_core.environment:create_file_with_runtime_dependencies(/home/parallels/test/install/yolov8_msgs/share/colcon-core/packages/yolov8_msgs)
[2.539s] Level 1:colcon.colcon_core.environment:create_environment_scripts_only(yolov8_msgs)
[2.540s] Level 1:colcon.colcon_core.environment:checking '/home/parallels/test/install/yolov8_msgs' for CMake module files
[2.541s] Level 1:colcon.colcon_core.environment:checking '/home/parallels/test/install/yolov8_msgs' for CMake config files
[2.542s] Level 1:colcon.colcon_core.shell:create_environment_hook('yolov8_msgs', 'cmake_prefix_path')
[2.543s] INFO:colcon.colcon_core.shell:Creating environment hook '/home/parallels/test/install/yolov8_msgs/share/yolov8_msgs/hook/cmake_prefix_path.ps1'
[2.544s] INFO:colcon.colcon_core.shell:Creating environment descriptor '/home/parallels/test/install/yolov8_msgs/share/yolov8_msgs/hook/cmake_prefix_path.dsv'
[2.545s] INFO:colcon.colcon_core.shell:Creating environment hook '/home/parallels/test/install/yolov8_msgs/share/yolov8_msgs/hook/cmake_prefix_path.sh'
[2.546s] Level 1:colcon.colcon_core.environment:checking '/home/parallels/test/install/yolov8_msgs/lib'
[2.546s] Level 1:colcon.colcon_core.shell:create_environment_hook('yolov8_msgs', 'ld_library_path_lib')
[2.547s] INFO:colcon.colcon_core.shell:Creating environment hook '/home/parallels/test/install/yolov8_msgs/share/yolov8_msgs/hook/ld_library_path_lib.ps1'
[2.547s] INFO:colcon.colcon_core.shell:Creating environment descriptor '/home/parallels/test/install/yolov8_msgs/share/yolov8_msgs/hook/ld_library_path_lib.dsv'
[2.548s] INFO:colcon.colcon_core.shell:Creating environment hook '/home/parallels/test/install/yolov8_msgs/share/yolov8_msgs/hook/ld_library_path_lib.sh'
[2.548s] Level 1:colcon.colcon_core.environment:checking '/home/parallels/test/install/yolov8_msgs/bin'
[2.548s] Level 1:colcon.colcon_core.environment:checking '/home/parallels/test/install/yolov8_msgs/lib/pkgconfig/yolov8_msgs.pc'
[2.549s] Level 1:colcon.colcon_core.environment:checking '/home/parallels/test/install/yolov8_msgs/lib/python3.10/site-packages'
[2.549s] Level 1:colcon.colcon_core.shell:create_environment_hook('yolov8_msgs', 'pythonpath')
[2.550s] INFO:colcon.colcon_core.shell:Creating environment hook '/home/parallels/test/install/yolov8_msgs/share/yolov8_msgs/hook/pythonpath.ps1'
[2.550s] INFO:colcon.colcon_core.shell:Creating environment descriptor '/home/parallels/test/install/yolov8_msgs/share/yolov8_msgs/hook/pythonpath.dsv'
[2.551s] INFO:colcon.colcon_core.shell:Creating environment hook '/home/parallels/test/install/yolov8_msgs/share/yolov8_msgs/hook/pythonpath.sh'
[2.552s] Level 1:colcon.colcon_core.environment:checking '/home/parallels/test/install/yolov8_msgs/bin'
[2.553s] INFO:colcon.colcon_core.shell:Creating package script '/home/parallels/test/install/yolov8_msgs/share/yolov8_msgs/package.ps1'
[2.554s] INFO:colcon.colcon_core.shell:Creating package descriptor '/home/parallels/test/install/yolov8_msgs/share/yolov8_msgs/package.dsv'
[2.555s] INFO:colcon.colcon_core.shell:Creating package script '/home/parallels/test/install/yolov8_msgs/share/yolov8_msgs/package.sh'
[2.555s] INFO:colcon.colcon_core.shell:Creating package script '/home/parallels/test/install/yolov8_msgs/share/yolov8_msgs/package.bash'
[2.556s] INFO:colcon.colcon_core.shell:Creating package script '/home/parallels/test/install/yolov8_msgs/share/yolov8_msgs/package.zsh'
[2.556s] Level 1:colcon.colcon_core.environment:create_file_with_runtime_dependencies(/home/parallels/test/install/yolov8_msgs/share/colcon-core/packages/yolov8_msgs)
[2.557s] DEBUG:colcon.colcon_parallel_executor.executor.parallel:closing loop
[2.558s] DEBUG:colcon.colcon_parallel_executor.executor.parallel:loop closed
[2.558s] DEBUG:colcon.colcon_parallel_executor.executor.parallel:run_until_complete finished with '0'
[2.558s] DEBUG:colcon.colcon_core.event_reactor:joining thread
[2.570s] INFO:colcon.colcon_core.plugin_system:Skipping extension 'colcon_notification.desktop_notification.terminal_notifier': Not used on non-Darwin systems
[2.570s] INFO:colcon.colcon_core.plugin_system:Skipping extension 'colcon_notification.desktop_notification.win32': Not used on non-Windows systems
[2.570s] INFO:colcon.colcon_notification.desktop_notification:Sending desktop notification using 'notify2'
[2.601s] DEBUG:colcon.colcon_core.event_reactor:joined thread
[2.602s] INFO:colcon.colcon_core.shell:Creating prefix script '/home/parallels/test/install/local_setup.ps1'
[2.604s] INFO:colcon.colcon_core.shell:Creating prefix util module '/home/parallels/test/install/_local_setup_util_ps1.py'
[2.608s] INFO:colcon.colcon_core.shell:Creating prefix chain script '/home/parallels/test/install/setup.ps1'
[2.610s] INFO:colcon.colcon_core.shell:Creating prefix script '/home/parallels/test/install/local_setup.sh'
[2.612s] INFO:colcon.colcon_core.shell:Creating prefix util module '/home/parallels/test/install/_local_setup_util_sh.py'
[2.612s] INFO:colcon.colcon_core.shell:Creating prefix chain script '/home/parallels/test/install/setup.sh'
[2.615s] INFO:colcon.colcon_core.shell:Creating prefix script '/home/parallels/test/install/local_setup.bash'
[2.617s] INFO:colcon.colcon_core.shell:Creating prefix chain script '/home/parallels/test/install/setup.bash'
[2.619s] INFO:colcon.colcon_core.shell:Creating prefix script '/home/parallels/test/install/local_setup.zsh'
[2.621s] INFO:colcon.colcon_core.shell:Creating prefix chain script '/home/parallels/test/install/setup.zsh'
