[0.028s] Invoking command in '/home/parallels/test/build/yolobot_recognition': CMAKE_PREFIX_PATH=/opt/ros/iron /usr/bin/cmake --build /home/parallels/test/build/yolobot_recognition -- -j8 -l8
[0.151s] Invoked command in '/home/parallels/test/build/yolobot_recognition' returned '0': CMAKE_PREFIX_PATH=/opt/ros/iron /usr/bin/cmake --build /home/parallels/test/build/yolobot_recognition -- -j8 -l8
[0.213s] Invoking command in '/home/parallels/test/build/yolobot_recognition': CMAKE_PREFIX_PATH=/opt/ros/iron /usr/bin/cmake --install /home/parallels/test/build/yolobot_recognition
[0.226s] -- Install configuration: ""
[0.228s] -- Up-to-date: /home/parallels/test/install/yolobot_recognition/share/yolobot_recognition//scripts
[0.229s] -- Up-to-date: /home/parallels/test/install/yolobot_recognition/share/yolobot_recognition//scripts/.dockerignore
[0.229s] -- Up-to-date: /home/parallels/test/install/yolobot_recognition/share/yolobot_recognition//scripts/.gitignore
[0.230s] -- Up-to-date: /home/parallels/test/install/yolobot_recognition/share/yolobot_recognition//scripts/yolov8_ros2_subscriber.py
[0.230s] -- Up-to-date: /home/parallels/test/install/yolobot_recognition/share/yolobot_recognition//scripts/.gitattributes
[0.230s] -- Up-to-date: /home/parallels/test/install/yolobot_recognition/share/yolobot_recognition//scripts/yolov8_ros2_pt.py
[0.230s] -- Up-to-date: /home/parallels/test/install/yolobot_recognition/share/yolobot_recognition//scripts/yolov8n.pt
[0.231s] -- Up-to-date: /home/parallels/test/install/yolobot_recognition/share/yolobot_recognition//launch
[0.232s] -- Up-to-date: /home/parallels/test/install/yolobot_recognition/share/yolobot_recognition//launch/launch_yolov8.launch.py
[0.232s] -- Up-to-date: /home/parallels/test/install/yolobot_recognition/lib/yolobot_recognition/yolov8_ros2_pt.py
[0.232s] -- Up-to-date: /home/parallels/test/install/yolobot_recognition/lib/yolobot_recognition/yolov8_ros2_subscriber.py
[0.236s] -- Up-to-date: /home/parallels/test/install/yolobot_recognition/lib/yolobot_recognition/launch_yolov8.launch.py
[0.236s] -- Up-to-date: /home/parallels/test/install/yolobot_recognition/share/ament_index/resource_index/package_run_dependencies/yolobot_recognition
[0.236s] -- Up-to-date: /home/parallels/test/install/yolobot_recognition/share/ament_index/resource_index/parent_prefix_path/yolobot_recognition
[0.236s] -- Up-to-date: /home/parallels/test/install/yolobot_recognition/share/yolobot_recognition/environment/ament_prefix_path.sh
[0.239s] -- Up-to-date: /home/parallels/test/install/yolobot_recognition/share/yolobot_recognition/environment/ament_prefix_path.dsv
[0.239s] -- Up-to-date: /home/parallels/test/install/yolobot_recognition/share/yolobot_recognition/environment/path.sh
[0.239s] -- Up-to-date: /home/parallels/test/install/yolobot_recognition/share/yolobot_recognition/environment/path.dsv
[0.239s] -- Up-to-date: /home/parallels/test/install/yolobot_recognition/share/yolobot_recognition/local_setup.bash
[0.240s] -- Up-to-date: /home/parallels/test/install/yolobot_recognition/share/yolobot_recognition/local_setup.sh
[0.240s] -- Up-to-date: /home/parallels/test/install/yolobot_recognition/share/yolobot_recognition/local_setup.zsh
[0.240s] -- Up-to-date: /home/parallels/test/install/yolobot_recognition/share/yolobot_recognition/local_setup.dsv
[0.241s] -- Installing: /home/parallels/test/install/yolobot_recognition/share/yolobot_recognition/package.dsv
[0.243s] -- Up-to-date: /home/parallels/test/install/yolobot_recognition/share/ament_index/resource_index/packages/yolobot_recognition
[0.243s] -- Up-to-date: /home/parallels/test/install/yolobot_recognition/share/yolobot_recognition/cmake/yolobot_recognitionConfig.cmake
[0.243s] -- Up-to-date: /home/parallels/test/install/yolobot_recognition/share/yolobot_recognition/cmake/yolobot_recognitionConfig-version.cmake
[0.244s] -- Up-to-date: /home/parallels/test/install/yolobot_recognition/share/yolobot_recognition/package.xml
[0.250s] Invoked command in '/home/parallels/test/build/yolobot_recognition' returned '0': CMAKE_PREFIX_PATH=/opt/ros/iron /usr/bin/cmake --install /home/parallels/test/build/yolobot_recognition
