[0.025s] Invoking command in '/home/parallels/test/build/yolobot_recognition': CMAKE_PREFIX_PATH=${CMAKE_PREFIX_PATH}:/opt/ros/iron /usr/bin/cmake --build /home/parallels/test/build/yolobot_recognition -- -j8 -l8
[0.076s] -- Found ament_cmake: 2.0.6 (/opt/ros/iron/share/ament_cmake/cmake)
[0.391s] -- Found ament_lint_auto: 0.14.4 (/opt/ros/iron/share/ament_lint_auto/cmake)
[0.506s] -- Added test 'copyright' to check source files copyright and LICENSE
[0.510s] -- Added test 'flake8' to check Python code syntax and style conventions
[0.511s] -- Configured 'flake8' exclude dirs and/or files: 
[0.512s] -- Added test 'lint_cmake' to check CMake code style
[0.512s] -- Added test 'pep257' to check Python code against some of the docstring style conventions in PEP 257
[0.514s] -- Added test 'xmllint' to check XML markup files
[0.516s] -- Configuring done
[0.523s] -- Generating done
[0.525s] -- Build files have been written to: /home/parallels/test/build/yolobot_recognition
[0.554s] Invoked command in '/home/parallels/test/build/yolobot_recognition' returned '0': CMAKE_PREFIX_PATH=${CMAKE_PREFIX_PATH}:/opt/ros/iron /usr/bin/cmake --build /home/parallels/test/build/yolobot_recognition -- -j8 -l8
[0.598s] Invoking command in '/home/parallels/test/build/yolobot_recognition': CMAKE_PREFIX_PATH=${CMAKE_PREFIX_PATH}:/opt/ros/iron /usr/bin/cmake --install /home/parallels/test/build/yolobot_recognition
[0.609s] -- Install configuration: ""
[0.610s] -- Up-to-date: /home/parallels/test/install/yolobot_recognition/share/yolobot_recognition//scripts
[0.610s] -- Up-to-date: /home/parallels/test/install/yolobot_recognition/share/yolobot_recognition//scripts/.dockerignore
[0.610s] -- Up-to-date: /home/parallels/test/install/yolobot_recognition/share/yolobot_recognition//scripts/.gitignore
[0.611s] -- Installing: /home/parallels/test/install/yolobot_recognition/share/yolobot_recognition//scripts/image_save.py
[0.611s] -- Up-to-date: /home/parallels/test/install/yolobot_recognition/share/yolobot_recognition//scripts/yolov8_ros2_subscriber.py
[0.611s] -- Up-to-date: /home/parallels/test/install/yolobot_recognition/share/yolobot_recognition//scripts/yolov8m.pt
[0.611s] -- Up-to-date: /home/parallels/test/install/yolobot_recognition/share/yolobot_recognition//scripts/.gitattributes
[0.612s] -- Up-to-date: /home/parallels/test/install/yolobot_recognition/share/yolobot_recognition//scripts/yolov8_ros2_pt.py
[0.612s] -- Up-to-date: /home/parallels/test/install/yolobot_recognition/share/yolobot_recognition//scripts/yolov8n.pt
[0.612s] -- Up-to-date: /home/parallels/test/install/yolobot_recognition/share/yolobot_recognition//launch
[0.612s] -- Up-to-date: /home/parallels/test/install/yolobot_recognition/share/yolobot_recognition//launch/launch_yolov8.launch.py
[0.612s] -- Up-to-date: /home/parallels/test/install/yolobot_recognition/lib/yolobot_recognition/yolov8_ros2_pt.py
[0.612s] -- Up-to-date: /home/parallels/test/install/yolobot_recognition/lib/yolobot_recognition/yolov8_ros2_subscriber.py
[0.613s] -- Installing: /home/parallels/test/install/yolobot_recognition/lib/yolobot_recognition/image_save.py
[0.613s] -- Up-to-date: /home/parallels/test/install/yolobot_recognition/lib/yolobot_recognition/launch_yolov8.launch.py
[0.613s] -- Up-to-date: /home/parallels/test/install/yolobot_recognition/share/ament_index/resource_index/package_run_dependencies/yolobot_recognition
[0.613s] -- Installing: /home/parallels/test/install/yolobot_recognition/share/ament_index/resource_index/parent_prefix_path/yolobot_recognition
[0.613s] -- Up-to-date: /home/parallels/test/install/yolobot_recognition/share/yolobot_recognition/environment/ament_prefix_path.sh
[0.613s] -- Up-to-date: /home/parallels/test/install/yolobot_recognition/share/yolobot_recognition/environment/ament_prefix_path.dsv
[0.613s] -- Up-to-date: /home/parallels/test/install/yolobot_recognition/share/yolobot_recognition/environment/path.sh
[0.613s] -- Up-to-date: /home/parallels/test/install/yolobot_recognition/share/yolobot_recognition/environment/path.dsv
[0.614s] -- Up-to-date: /home/parallels/test/install/yolobot_recognition/share/yolobot_recognition/local_setup.bash
[0.614s] -- Up-to-date: /home/parallels/test/install/yolobot_recognition/share/yolobot_recognition/local_setup.sh
[0.614s] -- Up-to-date: /home/parallels/test/install/yolobot_recognition/share/yolobot_recognition/local_setup.zsh
[0.614s] -- Up-to-date: /home/parallels/test/install/yolobot_recognition/share/yolobot_recognition/local_setup.dsv
[0.615s] -- Installing: /home/parallels/test/install/yolobot_recognition/share/yolobot_recognition/package.dsv
[0.615s] -- Up-to-date: /home/parallels/test/install/yolobot_recognition/share/ament_index/resource_index/packages/yolobot_recognition
[0.615s] -- Up-to-date: /home/parallels/test/install/yolobot_recognition/share/yolobot_recognition/cmake/yolobot_recognitionConfig.cmake
[0.615s] -- Up-to-date: /home/parallels/test/install/yolobot_recognition/share/yolobot_recognition/cmake/yolobot_recognitionConfig-version.cmake
[0.616s] -- Up-to-date: /home/parallels/test/install/yolobot_recognition/share/yolobot_recognition/package.xml
[0.618s] Invoked command in '/home/parallels/test/build/yolobot_recognition' returned '0': CMAKE_PREFIX_PATH=${CMAKE_PREFIX_PATH}:/opt/ros/iron /usr/bin/cmake --install /home/parallels/test/build/yolobot_recognition
