[0.040s] Invoking command in '/home/parallels/test/build/mobile_robot': CMAKE_PREFIX_PATH=/opt/ros/iron /usr/bin/cmake --build /home/parallels/test/build/mobile_robot -- -j8 -l8
[0.171s] Invoked command in '/home/parallels/test/build/mobile_robot' returned '0': CMAKE_PREFIX_PATH=/opt/ros/iron /usr/bin/cmake --build /home/parallels/test/build/mobile_robot -- -j8 -l8
[0.218s] Invoking command in '/home/parallels/test/build/mobile_robot': CMAKE_PREFIX_PATH=/opt/ros/iron /usr/bin/cmake --install /home/parallels/test/build/mobile_robot
[0.234s] -- Install configuration: ""
[0.236s] -- Up-to-date: /home/parallels/test/install/mobile_robot/share/mobile_robot/launch
[0.236s] -- Up-to-date: /home/parallels/test/install/mobile_robot/share/mobile_robot/launch/mobile_robot_recognition
[0.238s] -- Up-to-date: /home/parallels/test/install/mobile_robot/share/mobile_robot/launch/mobile_robot_recognition/launch
[0.239s] -- Up-to-date: /home/parallels/test/install/mobile_robot/share/mobile_robot/launch/mobile_robot_recognition/launch/launch_yolov8.launch.py
[0.239s] -- Up-to-date: /home/parallels/test/install/mobile_robot/share/mobile_robot/launch/mobile_robot_recognition/package.xml
[0.240s] -- Up-to-date: /home/parallels/test/install/mobile_robot/share/mobile_robot/launch/mobile_robot_recognition/scripts
[0.241s] -- Up-to-date: /home/parallels/test/install/mobile_robot/share/mobile_robot/launch/mobile_robot_recognition/scripts/.dockerignore
[0.242s] -- Up-to-date: /home/parallels/test/install/mobile_robot/share/mobile_robot/launch/mobile_robot_recognition/scripts/.gitignore
[0.242s] -- Up-to-date: /home/parallels/test/install/mobile_robot/share/mobile_robot/launch/mobile_robot_recognition/scripts/yolov8_ros2_subscriber.py
[0.243s] -- Up-to-date: /home/parallels/test/install/mobile_robot/share/mobile_robot/launch/mobile_robot_recognition/scripts/.gitattributes
[0.243s] -- Up-to-date: /home/parallels/test/install/mobile_robot/share/mobile_robot/launch/mobile_robot_recognition/scripts/yolov8_ros2_pt.py
[0.244s] -- Up-to-date: /home/parallels/test/install/mobile_robot/share/mobile_robot/launch/mobile_robot_recognition/scripts/yolov8n.pt
[0.244s] -- Up-to-date: /home/parallels/test/install/mobile_robot/share/mobile_robot/launch/mobile_robot_recognition/CMakeLists.txt
[0.244s] -- Up-to-date: /home/parallels/test/install/mobile_robot/share/mobile_robot/launch/gazebo_model.launch.py
[0.244s] -- Up-to-date: /home/parallels/test/install/mobile_robot/share/mobile_robot/launch/mobile_robot_msgs
[0.247s] -- Up-to-date: /home/parallels/test/install/mobile_robot/share/mobile_robot/launch/mobile_robot_msgs/package.xml
[0.247s] -- Up-to-date: /home/parallels/test/install/mobile_robot/share/mobile_robot/launch/mobile_robot_msgs/msg
[0.248s] -- Up-to-date: /home/parallels/test/install/mobile_robot/share/mobile_robot/launch/mobile_robot_msgs/msg/InferenceResult.msg
[0.248s] -- Up-to-date: /home/parallels/test/install/mobile_robot/share/mobile_robot/launch/mobile_robot_msgs/msg/Yolov8Inference.msg
[0.249s] -- Up-to-date: /home/parallels/test/install/mobile_robot/share/mobile_robot/launch/mobile_robot_msgs/CMakeLists.txt
[0.249s] -- Up-to-date: /home/parallels/test/install/mobile_robot/share/mobile_robot/model
[0.251s] -- Installing: /home/parallels/test/install/mobile_robot/share/mobile_robot/model/robot.gazebo
[0.252s] -- Up-to-date: /home/parallels/test/install/mobile_robot/share/mobile_robot/model/empty_world (copy).world
[0.252s] -- Up-to-date: /home/parallels/test/install/mobile_robot/share/mobile_robot/model/robot.xacro
[0.253s] -- Up-to-date: /home/parallels/test/install/mobile_robot/share/mobile_robot/model/empty_world.world
[0.253s] -- Up-to-date: /home/parallels/test/install/mobile_robot/share/mobile_robot/model/empty_world (another copy).world
[0.254s] -- Up-to-date: /home/parallels/test/install/mobile_robot/share/ament_index/resource_index/package_run_dependencies/mobile_robot
[0.255s] -- Up-to-date: /home/parallels/test/install/mobile_robot/share/ament_index/resource_index/parent_prefix_path/mobile_robot
[0.255s] -- Up-to-date: /home/parallels/test/install/mobile_robot/share/mobile_robot/environment/ament_prefix_path.sh
[0.255s] -- Up-to-date: /home/parallels/test/install/mobile_robot/share/mobile_robot/environment/ament_prefix_path.dsv
[0.255s] -- Up-to-date: /home/parallels/test/install/mobile_robot/share/mobile_robot/environment/path.sh
[0.256s] -- Up-to-date: /home/parallels/test/install/mobile_robot/share/mobile_robot/environment/path.dsv
[0.256s] -- Up-to-date: /home/parallels/test/install/mobile_robot/share/mobile_robot/local_setup.bash
[0.256s] -- Up-to-date: /home/parallels/test/install/mobile_robot/share/mobile_robot/local_setup.sh
[0.256s] -- Up-to-date: /home/parallels/test/install/mobile_robot/share/mobile_robot/local_setup.zsh
[0.256s] -- Up-to-date: /home/parallels/test/install/mobile_robot/share/mobile_robot/local_setup.dsv
[0.256s] -- Installing: /home/parallels/test/install/mobile_robot/share/mobile_robot/package.dsv
[0.257s] -- Up-to-date: /home/parallels/test/install/mobile_robot/share/ament_index/resource_index/packages/mobile_robot
[0.257s] -- Up-to-date: /home/parallels/test/install/mobile_robot/share/mobile_robot/cmake/mobile_robotConfig.cmake
[0.257s] -- Up-to-date: /home/parallels/test/install/mobile_robot/share/mobile_robot/cmake/mobile_robotConfig-version.cmake
[0.257s] -- Up-to-date: /home/parallels/test/install/mobile_robot/share/mobile_robot/package.xml
[0.305s] Invoked command in '/home/parallels/test/build/mobile_robot' returned '0': CMAKE_PREFIX_PATH=/opt/ros/iron /usr/bin/cmake --install /home/parallels/test/build/mobile_robot
