[0.015s] Invoking command in '/home/parallels/test/build/mobile_robot': CMAKE_PREFIX_PATH=/opt/ros/iron /usr/bin/cmake --build /home/parallels/test/build/mobile_robot -- -j8 -l8
[0.042s] -- Found ament_cmake: 2.0.6 (/opt/ros/iron/share/ament_cmake/cmake)
[0.210s] -- Found ament_lint_auto: 0.14.4 (/opt/ros/iron/share/ament_lint_auto/cmake)
[0.288s] -- Added test 'flake8' to check Python code syntax and style conventions
[0.288s] -- Configured 'flake8' exclude dirs and/or files: 
[0.289s] -- Added test 'lint_cmake' to check CMake code style
[0.289s] -- Added test 'pep257' to check Python code against some of the docstring style conventions in PEP 257
[0.290s] -- Added test 'xmllint' to check XML markup files
[0.291s] -- Configuring done
[0.296s] -- Generating done
[0.297s] -- Build files have been written to: /home/parallels/test/build/mobile_robot
[0.322s] Invoked command in '/home/parallels/test/build/mobile_robot' returned '0': CMAKE_PREFIX_PATH=/opt/ros/iron /usr/bin/cmake --build /home/parallels/test/build/mobile_robot -- -j8 -l8
[0.366s] Invoking command in '/home/parallels/test/build/mobile_robot': CMAKE_PREFIX_PATH=/opt/ros/iron /usr/bin/cmake --install /home/parallels/test/build/mobile_robot
[0.375s] -- Install configuration: ""
[0.375s] -- Installing: /home/parallels/test/install/mobile_robot/share/mobile_robot/launch
[0.375s] -- Installing: /home/parallels/test/install/mobile_robot/share/mobile_robot/launch/gazebo_model.launch.py
[0.375s] -- Installing: /home/parallels/test/install/mobile_robot/share/mobile_robot/model
[0.376s] -- Installing: /home/parallels/test/install/mobile_robot/share/mobile_robot/model/robot.gazebo
[0.376s] -- Installing: /home/parallels/test/install/mobile_robot/share/mobile_robot/model/robot.xacro
[0.376s] -- Installing: /home/parallels/test/install/mobile_robot/share/ament_index/resource_index/package_run_dependencies/mobile_robot
[0.376s] -- Up-to-date: /home/parallels/test/install/mobile_robot/share/ament_index/resource_index/parent_prefix_path/mobile_robot
[0.376s] -- Up-to-date: /home/parallels/test/install/mobile_robot/share/mobile_robot/environment/ament_prefix_path.sh
[0.377s] -- Up-to-date: /home/parallels/test/install/mobile_robot/share/mobile_robot/environment/ament_prefix_path.dsv
[0.377s] -- Up-to-date: /home/parallels/test/install/mobile_robot/share/mobile_robot/environment/path.sh
[0.377s] -- Up-to-date: /home/parallels/test/install/mobile_robot/share/mobile_robot/environment/path.dsv
[0.377s] -- Up-to-date: /home/parallels/test/install/mobile_robot/share/mobile_robot/local_setup.bash
[0.377s] -- Up-to-date: /home/parallels/test/install/mobile_robot/share/mobile_robot/local_setup.sh
[0.377s] -- Up-to-date: /home/parallels/test/install/mobile_robot/share/mobile_robot/local_setup.zsh
[0.377s] -- Up-to-date: /home/parallels/test/install/mobile_robot/share/mobile_robot/local_setup.dsv
[0.377s] -- Up-to-date: /home/parallels/test/install/mobile_robot/share/mobile_robot/package.dsv
[0.377s] -- Up-to-date: /home/parallels/test/install/mobile_robot/share/ament_index/resource_index/packages/mobile_robot
[0.377s] -- Up-to-date: /home/parallels/test/install/mobile_robot/share/mobile_robot/cmake/mobile_robotConfig.cmake
[0.377s] -- Up-to-date: /home/parallels/test/install/mobile_robot/share/mobile_robot/cmake/mobile_robotConfig-version.cmake
[0.377s] -- Installing: /home/parallels/test/install/mobile_robot/share/mobile_robot/package.xml
[0.379s] Invoked command in '/home/parallels/test/build/mobile_robot' returned '0': CMAKE_PREFIX_PATH=/opt/ros/iron /usr/bin/cmake --install /home/parallels/test/build/mobile_robot
