[0.031s] Invoking command in '/home/parallels/test/build/yolov8_msgs': CMAKE_PREFIX_PATH=${CMAKE_PREFIX_PATH}:/opt/ros/iron /usr/bin/cmake --build /home/parallels/test/build/yolov8_msgs -- -j8 -l8
[0.115s] [  2%] Built target yolov8_msgs__rosidl_generator_type_description
[0.133s] [  2%] Built target ament_cmake_python_copy_yolov8_msgs
[0.153s] [  4%] Built target yolov8_msgs__cpp
[0.180s] [ 22%] Built target yolov8_msgs__rosidl_generator_c
[0.224s] [ 47%] Built target yolov8_msgs__rosidl_typesupport_fastrtps_c
[0.225s] [ 50%] Built target yolov8_msgs__rosidl_typesupport_cpp
[0.225s] [ 50%] Built target yolov8_msgs__rosidl_typesupport_fastrtps_cpp
[0.227s] [ 59%] Built target yolov8_msgs__rosidl_typesupport_introspection_c
[0.232s] [ 68%] Built target yolov8_msgs__rosidl_typesupport_introspection_cpp
[0.237s] [ 77%] Built target yolov8_msgs__rosidl_typesupport_c
[0.274s] [ 77%] Built target yolov8_msgs
[0.309s] [ 79%] Built target yolov8_msgs__py
[0.347s] [ 86%] Built target yolov8_msgs__rosidl_generator_py
[0.391s] [ 90%] Built target yolov8_msgs__rosidl_typesupport_fastrtps_c__pyext
[0.395s] [ 95%] Built target yolov8_msgs__rosidl_typesupport_c__pyext
[0.396s] [100%] Built target yolov8_msgs__rosidl_typesupport_introspection_c__pyext
[0.574s] running egg_info
[0.576s] writing yolov8_msgs.egg-info/PKG-INFO
[0.577s] writing dependency_links to yolov8_msgs.egg-info/dependency_links.txt
[0.577s] writing top-level names to yolov8_msgs.egg-info/top_level.txt
[0.580s] reading manifest file 'yolov8_msgs.egg-info/SOURCES.txt'
[0.581s] writing manifest file 'yolov8_msgs.egg-info/SOURCES.txt'
[0.619s] [100%] Built target ament_cmake_python_build_yolov8_msgs_egg
[0.635s] Invoked command in '/home/parallels/test/build/yolov8_msgs' returned '0': CMAKE_PREFIX_PATH=${CMAKE_PREFIX_PATH}:/opt/ros/iron /usr/bin/cmake --build /home/parallels/test/build/yolov8_msgs -- -j8 -l8
[0.799s] Invoking command in '/home/parallels/test/build/yolov8_msgs': CMAKE_PREFIX_PATH=${CMAKE_PREFIX_PATH}:/opt/ros/iron /usr/bin/cmake --install /home/parallels/test/build/yolov8_msgs
[0.809s] -- Install configuration: ""
[0.809s] -- Up-to-date: /home/parallels/test/install/yolov8_msgs/share/ament_index/resource_index/rosidl_interfaces/yolov8_msgs
[0.809s] -- Up-to-date: /home/parallels/test/install/yolov8_msgs/share/yolov8_msgs/msg/InferenceResult.json
[0.810s] -- Up-to-date: /home/parallels/test/install/yolov8_msgs/share/yolov8_msgs/msg/Yolov8Inference.json
[0.810s] -- Up-to-date: /home/parallels/test/install/yolov8_msgs/include/yolov8_msgs/yolov8_msgs
[0.810s] -- Up-to-date: /home/parallels/test/install/yolov8_msgs/include/yolov8_msgs/yolov8_msgs/msg
[0.810s] -- Up-to-date: /home/parallels/test/install/yolov8_msgs/include/yolov8_msgs/yolov8_msgs/msg/yolov8_inference.h
[0.811s] -- Up-to-date: /home/parallels/test/install/yolov8_msgs/include/yolov8_msgs/yolov8_msgs/msg/detail
[0.811s] -- Up-to-date: /home/parallels/test/install/yolov8_msgs/include/yolov8_msgs/yolov8_msgs/msg/detail/inference_result__struct.h
[0.811s] -- Up-to-date: /home/parallels/test/install/yolov8_msgs/include/yolov8_msgs/yolov8_msgs/msg/detail/inference_result__description.c
[0.811s] -- Up-to-date: /home/parallels/test/install/yolov8_msgs/include/yolov8_msgs/yolov8_msgs/msg/detail/inference_result__functions.h
[0.811s] -- Up-to-date: /home/parallels/test/install/yolov8_msgs/include/yolov8_msgs/yolov8_msgs/msg/detail/yolov8_inference__functions.c
[0.812s] -- Up-to-date: /home/parallels/test/install/yolov8_msgs/include/yolov8_msgs/yolov8_msgs/msg/detail/inference_result__type_support.c
[0.812s] -- Up-to-date: /home/parallels/test/install/yolov8_msgs/include/yolov8_msgs/yolov8_msgs/msg/detail/yolov8_inference__struct.h
[0.812s] -- Up-to-date: /home/parallels/test/install/yolov8_msgs/include/yolov8_msgs/yolov8_msgs/msg/detail/yolov8_inference__description.c
[0.812s] -- Up-to-date: /home/parallels/test/install/yolov8_msgs/include/yolov8_msgs/yolov8_msgs/msg/detail/yolov8_inference__type_support.h
[0.812s] -- Up-to-date: /home/parallels/test/install/yolov8_msgs/include/yolov8_msgs/yolov8_msgs/msg/detail/yolov8_inference__type_support.c
[0.813s] -- Up-to-date: /home/parallels/test/install/yolov8_msgs/include/yolov8_msgs/yolov8_msgs/msg/detail/yolov8_inference__functions.h
[0.814s] -- Up-to-date: /home/parallels/test/install/yolov8_msgs/include/yolov8_msgs/yolov8_msgs/msg/detail/inference_result__functions.c
[0.814s] -- Up-to-date: /home/parallels/test/install/yolov8_msgs/include/yolov8_msgs/yolov8_msgs/msg/detail/inference_result__type_support.h
[0.814s] -- Up-to-date: /home/parallels/test/install/yolov8_msgs/include/yolov8_msgs/yolov8_msgs/msg/inference_result.h
[0.814s] -- Up-to-date: /home/parallels/test/install/yolov8_msgs/include/yolov8_msgs/yolov8_msgs/msg/rosidl_generator_c__visibility_control.h
[0.815s] -- Up-to-date: /home/parallels/test/install/yolov8_msgs/share/yolov8_msgs/environment/library_path.sh
[0.815s] -- Up-to-date: /home/parallels/test/install/yolov8_msgs/share/yolov8_msgs/environment/library_path.dsv
[0.815s] -- Up-to-date: /home/parallels/test/install/yolov8_msgs/lib/libyolov8_msgs__rosidl_generator_c.so
[0.815s] -- Up-to-date: /home/parallels/test/install/yolov8_msgs/include/yolov8_msgs/yolov8_msgs
[0.816s] -- Up-to-date: /home/parallels/test/install/yolov8_msgs/include/yolov8_msgs/yolov8_msgs/msg
[0.816s] -- Up-to-date: /home/parallels/test/install/yolov8_msgs/include/yolov8_msgs/yolov8_msgs/msg/detail
[0.816s] -- Up-to-date: /home/parallels/test/install/yolov8_msgs/include/yolov8_msgs/yolov8_msgs/msg/detail/yolov8_inference__rosidl_typesupport_fastrtps_c.h
[0.816s] -- Up-to-date: /home/parallels/test/install/yolov8_msgs/include/yolov8_msgs/yolov8_msgs/msg/detail/inference_result__rosidl_typesupport_fastrtps_c.h
[0.816s] -- Up-to-date: /home/parallels/test/install/yolov8_msgs/include/yolov8_msgs/yolov8_msgs/msg/rosidl_typesupport_fastrtps_c__visibility_control.h
[0.816s] -- Up-to-date: /home/parallels/test/install/yolov8_msgs/lib/libyolov8_msgs__rosidl_typesupport_fastrtps_c.so
[0.816s] -- Up-to-date: /home/parallels/test/install/yolov8_msgs/include/yolov8_msgs/yolov8_msgs
[0.817s] -- Up-to-date: /home/parallels/test/install/yolov8_msgs/include/yolov8_msgs/yolov8_msgs/msg
[0.817s] -- Up-to-date: /home/parallels/test/install/yolov8_msgs/include/yolov8_msgs/yolov8_msgs/msg/yolov8_inference.hpp
[0.817s] -- Up-to-date: /home/parallels/test/install/yolov8_msgs/include/yolov8_msgs/yolov8_msgs/msg/detail
[0.817s] -- Up-to-date: /home/parallels/test/install/yolov8_msgs/include/yolov8_msgs/yolov8_msgs/msg/detail/inference_result__builder.hpp
[0.817s] -- Up-to-date: /home/parallels/test/install/yolov8_msgs/include/yolov8_msgs/yolov8_msgs/msg/detail/yolov8_inference__builder.hpp
[0.817s] -- Up-to-date: /home/parallels/test/install/yolov8_msgs/include/yolov8_msgs/yolov8_msgs/msg/detail/yolov8_inference__struct.hpp
[0.818s] -- Up-to-date: /home/parallels/test/install/yolov8_msgs/include/yolov8_msgs/yolov8_msgs/msg/detail/inference_result__struct.hpp
[0.818s] -- Up-to-date: /home/parallels/test/install/yolov8_msgs/include/yolov8_msgs/yolov8_msgs/msg/detail/inference_result__traits.hpp
[0.818s] -- Up-to-date: /home/parallels/test/install/yolov8_msgs/include/yolov8_msgs/yolov8_msgs/msg/detail/yolov8_inference__traits.hpp
[0.818s] -- Up-to-date: /home/parallels/test/install/yolov8_msgs/include/yolov8_msgs/yolov8_msgs/msg/inference_result.hpp
[0.818s] -- Up-to-date: /home/parallels/test/install/yolov8_msgs/include/yolov8_msgs/yolov8_msgs
[0.818s] -- Up-to-date: /home/parallels/test/install/yolov8_msgs/include/yolov8_msgs/yolov8_msgs/msg
[0.819s] -- Up-to-date: /home/parallels/test/install/yolov8_msgs/include/yolov8_msgs/yolov8_msgs/msg/rosidl_typesupport_fastrtps_cpp__visibility_control.h
[0.819s] -- Up-to-date: /home/parallels/test/install/yolov8_msgs/include/yolov8_msgs/yolov8_msgs/msg/detail
[0.819s] -- Up-to-date: /home/parallels/test/install/yolov8_msgs/include/yolov8_msgs/yolov8_msgs/msg/detail/inference_result__rosidl_typesupport_fastrtps_cpp.hpp
[0.819s] -- Up-to-date: /home/parallels/test/install/yolov8_msgs/include/yolov8_msgs/yolov8_msgs/msg/detail/dds_fastrtps
[0.819s] -- Up-to-date: /home/parallels/test/install/yolov8_msgs/include/yolov8_msgs/yolov8_msgs/msg/detail/yolov8_inference__rosidl_typesupport_fastrtps_cpp.hpp
[0.819s] -- Up-to-date: /home/parallels/test/install/yolov8_msgs/lib/libyolov8_msgs__rosidl_typesupport_fastrtps_cpp.so
[0.819s] -- Up-to-date: /home/parallels/test/install/yolov8_msgs/include/yolov8_msgs/yolov8_msgs
[0.819s] -- Up-to-date: /home/parallels/test/install/yolov8_msgs/include/yolov8_msgs/yolov8_msgs/msg
[0.819s] -- Up-to-date: /home/parallels/test/install/yolov8_msgs/include/yolov8_msgs/yolov8_msgs/msg/detail
[0.819s] -- Up-to-date: /home/parallels/test/install/yolov8_msgs/include/yolov8_msgs/yolov8_msgs/msg/detail/inference_result__rosidl_typesupport_introspection_c.h
[0.819s] -- Up-to-date: /home/parallels/test/install/yolov8_msgs/include/yolov8_msgs/yolov8_msgs/msg/detail/inference_result__type_support.c
[0.820s] -- Up-to-date: /home/parallels/test/install/yolov8_msgs/include/yolov8_msgs/yolov8_msgs/msg/detail/yolov8_inference__type_support.c
[0.820s] -- Up-to-date: /home/parallels/test/install/yolov8_msgs/include/yolov8_msgs/yolov8_msgs/msg/detail/yolov8_inference__rosidl_typesupport_introspection_c.h
[0.820s] -- Up-to-date: /home/parallels/test/install/yolov8_msgs/include/yolov8_msgs/yolov8_msgs/msg/rosidl_typesupport_introspection_c__visibility_control.h
[0.820s] -- Up-to-date: /home/parallels/test/install/yolov8_msgs/lib/libyolov8_msgs__rosidl_typesupport_introspection_c.so
[0.820s] -- Up-to-date: /home/parallels/test/install/yolov8_msgs/lib/libyolov8_msgs__rosidl_typesupport_c.so
[0.820s] -- Up-to-date: /home/parallels/test/install/yolov8_msgs/include/yolov8_msgs/yolov8_msgs
[0.820s] -- Up-to-date: /home/parallels/test/install/yolov8_msgs/include/yolov8_msgs/yolov8_msgs/msg
[0.820s] -- Up-to-date: /home/parallels/test/install/yolov8_msgs/include/yolov8_msgs/yolov8_msgs/msg/detail
[0.820s] -- Up-to-date: /home/parallels/test/install/yolov8_msgs/include/yolov8_msgs/yolov8_msgs/msg/detail/yolov8_inference__type_support.cpp
[0.820s] -- Up-to-date: /home/parallels/test/install/yolov8_msgs/include/yolov8_msgs/yolov8_msgs/msg/detail/yolov8_inference__rosidl_typesupport_introspection_cpp.hpp
[0.821s] -- Up-to-date: /home/parallels/test/install/yolov8_msgs/include/yolov8_msgs/yolov8_msgs/msg/detail/inference_result__rosidl_typesupport_introspection_cpp.hpp
[0.821s] -- Up-to-date: /home/parallels/test/install/yolov8_msgs/include/yolov8_msgs/yolov8_msgs/msg/detail/inference_result__type_support.cpp
[0.821s] -- Up-to-date: /home/parallels/test/install/yolov8_msgs/lib/libyolov8_msgs__rosidl_typesupport_introspection_cpp.so
[0.821s] -- Up-to-date: /home/parallels/test/install/yolov8_msgs/lib/libyolov8_msgs__rosidl_typesupport_cpp.so
[0.821s] -- Up-to-date: /home/parallels/test/install/yolov8_msgs/share/yolov8_msgs/environment/pythonpath.sh
[0.821s] -- Up-to-date: /home/parallels/test/install/yolov8_msgs/share/yolov8_msgs/environment/pythonpath.dsv
[0.821s] -- Up-to-date: /home/parallels/test/install/yolov8_msgs/lib/python3.10/site-packages/yolov8_msgs-0.0.0-py3.10.egg-info
[0.821s] -- Installing: /home/parallels/test/install/yolov8_msgs/lib/python3.10/site-packages/yolov8_msgs-0.0.0-py3.10.egg-info/top_level.txt
[0.821s] -- Installing: /home/parallels/test/install/yolov8_msgs/lib/python3.10/site-packages/yolov8_msgs-0.0.0-py3.10.egg-info/SOURCES.txt
[0.821s] -- Installing: /home/parallels/test/install/yolov8_msgs/lib/python3.10/site-packages/yolov8_msgs-0.0.0-py3.10.egg-info/PKG-INFO
[0.821s] -- Installing: /home/parallels/test/install/yolov8_msgs/lib/python3.10/site-packages/yolov8_msgs-0.0.0-py3.10.egg-info/dependency_links.txt
[0.821s] -- Up-to-date: /home/parallels/test/install/yolov8_msgs/lib/python3.10/site-packages/yolov8_msgs
[0.822s] -- Up-to-date: /home/parallels/test/install/yolov8_msgs/lib/python3.10/site-packages/yolov8_msgs/_yolov8_msgs_s.ep.rosidl_typesupport_c.c
[0.822s] -- Up-to-date: /home/parallels/test/install/yolov8_msgs/lib/python3.10/site-packages/yolov8_msgs/_yolov8_msgs_s.ep.rosidl_typesupport_introspection_c.c
[0.822s] -- Up-to-date: /home/parallels/test/install/yolov8_msgs/lib/python3.10/site-packages/yolov8_msgs/yolov8_msgs_s__rosidl_typesupport_introspection_c.cpython-310-x86_64-linux-gnu.so
[0.822s] -- Up-to-date: /home/parallels/test/install/yolov8_msgs/lib/python3.10/site-packages/yolov8_msgs/yolov8_msgs_s__rosidl_typesupport_c.cpython-310-x86_64-linux-gnu.so
[0.822s] -- Up-to-date: /home/parallels/test/install/yolov8_msgs/lib/python3.10/site-packages/yolov8_msgs/__init__.py
[0.822s] -- Up-to-date: /home/parallels/test/install/yolov8_msgs/lib/python3.10/site-packages/yolov8_msgs/libyolov8_msgs__rosidl_generator_py.so
[0.822s] -- Up-to-date: /home/parallels/test/install/yolov8_msgs/lib/python3.10/site-packages/yolov8_msgs/_yolov8_msgs_s.ep.rosidl_typesupport_fastrtps_c.c
[0.822s] -- Up-to-date: /home/parallels/test/install/yolov8_msgs/lib/python3.10/site-packages/yolov8_msgs/yolov8_msgs_s__rosidl_typesupport_fastrtps_c.cpython-310-x86_64-linux-gnu.so
[0.823s] -- Up-to-date: /home/parallels/test/install/yolov8_msgs/lib/python3.10/site-packages/yolov8_msgs/msg
[0.823s] -- Up-to-date: /home/parallels/test/install/yolov8_msgs/lib/python3.10/site-packages/yolov8_msgs/msg/_yolov8_inference.py
[0.823s] -- Up-to-date: /home/parallels/test/install/yolov8_msgs/lib/python3.10/site-packages/yolov8_msgs/msg/_inference_result_s.c
[0.823s] -- Up-to-date: /home/parallels/test/install/yolov8_msgs/lib/python3.10/site-packages/yolov8_msgs/msg/_yolov8_inference_s.c
[0.823s] -- Up-to-date: /home/parallels/test/install/yolov8_msgs/lib/python3.10/site-packages/yolov8_msgs/msg/__init__.py
[0.823s] -- Up-to-date: /home/parallels/test/install/yolov8_msgs/lib/python3.10/site-packages/yolov8_msgs/msg/_inference_result.py
[0.856s] Listing '/home/parallels/test/install/yolov8_msgs/lib/python3.10/site-packages/yolov8_msgs'...
[0.856s] Listing '/home/parallels/test/install/yolov8_msgs/lib/python3.10/site-packages/yolov8_msgs/msg'...
[0.861s] -- Up-to-date: /home/parallels/test/install/yolov8_msgs/lib/python3.10/site-packages/yolov8_msgs/yolov8_msgs_s__rosidl_typesupport_fastrtps_c.cpython-310-x86_64-linux-gnu.so
[0.862s] -- Up-to-date: /home/parallels/test/install/yolov8_msgs/lib/python3.10/site-packages/yolov8_msgs/yolov8_msgs_s__rosidl_typesupport_introspection_c.cpython-310-x86_64-linux-gnu.so
[0.862s] -- Up-to-date: /home/parallels/test/install/yolov8_msgs/lib/python3.10/site-packages/yolov8_msgs/yolov8_msgs_s__rosidl_typesupport_c.cpython-310-x86_64-linux-gnu.so
[0.863s] -- Up-to-date: /home/parallels/test/install/yolov8_msgs/lib/libyolov8_msgs__rosidl_generator_py.so
[0.863s] -- Up-to-date: /home/parallels/test/install/yolov8_msgs/share/yolov8_msgs/msg/InferenceResult.idl
[0.864s] -- Up-to-date: /home/parallels/test/install/yolov8_msgs/share/yolov8_msgs/msg/Yolov8Inference.idl
[0.864s] -- Up-to-date: /home/parallels/test/install/yolov8_msgs/share/yolov8_msgs/msg/InferenceResult.msg
[0.864s] -- Up-to-date: /home/parallels/test/install/yolov8_msgs/share/yolov8_msgs/msg/Yolov8Inference.msg
[0.864s] -- Up-to-date: /home/parallels/test/install/yolov8_msgs/share/ament_index/resource_index/package_run_dependencies/yolov8_msgs
[0.864s] -- Up-to-date: /home/parallels/test/install/yolov8_msgs/share/ament_index/resource_index/parent_prefix_path/yolov8_msgs
[0.864s] -- Up-to-date: /home/parallels/test/install/yolov8_msgs/share/yolov8_msgs/environment/ament_prefix_path.sh
[0.864s] -- Up-to-date: /home/parallels/test/install/yolov8_msgs/share/yolov8_msgs/environment/ament_prefix_path.dsv
[0.865s] -- Up-to-date: /home/parallels/test/install/yolov8_msgs/share/yolov8_msgs/environment/path.sh
[0.865s] -- Up-to-date: /home/parallels/test/install/yolov8_msgs/share/yolov8_msgs/environment/path.dsv
[0.865s] -- Up-to-date: /home/parallels/test/install/yolov8_msgs/share/yolov8_msgs/local_setup.bash
[0.866s] -- Up-to-date: /home/parallels/test/install/yolov8_msgs/share/yolov8_msgs/local_setup.sh
[0.866s] -- Up-to-date: /home/parallels/test/install/yolov8_msgs/share/yolov8_msgs/local_setup.zsh
[0.866s] -- Up-to-date: /home/parallels/test/install/yolov8_msgs/share/yolov8_msgs/local_setup.dsv
[0.866s] -- Installing: /home/parallels/test/install/yolov8_msgs/share/yolov8_msgs/package.dsv
[0.867s] -- Up-to-date: /home/parallels/test/install/yolov8_msgs/share/ament_index/resource_index/packages/yolov8_msgs
[0.867s] -- Up-to-date: /home/parallels/test/install/yolov8_msgs/share/yolov8_msgs/cmake/export_yolov8_msgs__rosidl_generator_cExport.cmake
[0.867s] -- Up-to-date: /home/parallels/test/install/yolov8_msgs/share/yolov8_msgs/cmake/export_yolov8_msgs__rosidl_generator_cExport-noconfig.cmake
[0.867s] -- Up-to-date: /home/parallels/test/install/yolov8_msgs/share/yolov8_msgs/cmake/export_yolov8_msgs__rosidl_typesupport_fastrtps_cExport.cmake
[0.867s] -- Up-to-date: /home/parallels/test/install/yolov8_msgs/share/yolov8_msgs/cmake/export_yolov8_msgs__rosidl_typesupport_fastrtps_cExport-noconfig.cmake
[0.868s] -- Up-to-date: /home/parallels/test/install/yolov8_msgs/share/yolov8_msgs/cmake/export_yolov8_msgs__rosidl_generator_cppExport.cmake
[0.868s] -- Up-to-date: /home/parallels/test/install/yolov8_msgs/share/yolov8_msgs/cmake/export_yolov8_msgs__rosidl_typesupport_fastrtps_cppExport.cmake
[0.868s] -- Up-to-date: /home/parallels/test/install/yolov8_msgs/share/yolov8_msgs/cmake/export_yolov8_msgs__rosidl_typesupport_fastrtps_cppExport-noconfig.cmake
[0.868s] -- Up-to-date: /home/parallels/test/install/yolov8_msgs/share/yolov8_msgs/cmake/yolov8_msgs__rosidl_typesupport_introspection_cExport.cmake
[0.868s] -- Up-to-date: /home/parallels/test/install/yolov8_msgs/share/yolov8_msgs/cmake/yolov8_msgs__rosidl_typesupport_introspection_cExport-noconfig.cmake
[0.868s] -- Up-to-date: /home/parallels/test/install/yolov8_msgs/share/yolov8_msgs/cmake/yolov8_msgs__rosidl_typesupport_cExport.cmake
[0.868s] -- Up-to-date: /home/parallels/test/install/yolov8_msgs/share/yolov8_msgs/cmake/yolov8_msgs__rosidl_typesupport_cExport-noconfig.cmake
[0.868s] -- Up-to-date: /home/parallels/test/install/yolov8_msgs/share/yolov8_msgs/cmake/yolov8_msgs__rosidl_typesupport_introspection_cppExport.cmake
[0.868s] -- Up-to-date: /home/parallels/test/install/yolov8_msgs/share/yolov8_msgs/cmake/yolov8_msgs__rosidl_typesupport_introspection_cppExport-noconfig.cmake
[0.868s] -- Up-to-date: /home/parallels/test/install/yolov8_msgs/share/yolov8_msgs/cmake/yolov8_msgs__rosidl_typesupport_cppExport.cmake
[0.868s] -- Up-to-date: /home/parallels/test/install/yolov8_msgs/share/yolov8_msgs/cmake/yolov8_msgs__rosidl_typesupport_cppExport-noconfig.cmake
[0.869s] -- Up-to-date: /home/parallels/test/install/yolov8_msgs/share/yolov8_msgs/cmake/export_yolov8_msgs__rosidl_generator_pyExport.cmake
[0.869s] -- Up-to-date: /home/parallels/test/install/yolov8_msgs/share/yolov8_msgs/cmake/export_yolov8_msgs__rosidl_generator_pyExport-noconfig.cmake
[0.869s] -- Up-to-date: /home/parallels/test/install/yolov8_msgs/share/yolov8_msgs/cmake/rosidl_cmake-extras.cmake
[0.869s] -- Up-to-date: /home/parallels/test/install/yolov8_msgs/share/yolov8_msgs/cmake/ament_cmake_export_dependencies-extras.cmake
[0.869s] -- Up-to-date: /home/parallels/test/install/yolov8_msgs/share/yolov8_msgs/cmake/ament_cmake_export_include_directories-extras.cmake
[0.869s] -- Up-to-date: /home/parallels/test/install/yolov8_msgs/share/yolov8_msgs/cmake/ament_cmake_export_libraries-extras.cmake
[0.869s] -- Up-to-date: /home/parallels/test/install/yolov8_msgs/share/yolov8_msgs/cmake/ament_cmake_export_targets-extras.cmake
[0.869s] -- Up-to-date: /home/parallels/test/install/yolov8_msgs/share/yolov8_msgs/cmake/rosidl_cmake_export_typesupport_targets-extras.cmake
[0.869s] -- Up-to-date: /home/parallels/test/install/yolov8_msgs/share/yolov8_msgs/cmake/rosidl_cmake_export_typesupport_libraries-extras.cmake
[0.869s] -- Up-to-date: /home/parallels/test/install/yolov8_msgs/share/yolov8_msgs/cmake/yolov8_msgsConfig.cmake
[0.869s] -- Up-to-date: /home/parallels/test/install/yolov8_msgs/share/yolov8_msgs/cmake/yolov8_msgsConfig-version.cmake
[0.870s] -- Up-to-date: /home/parallels/test/install/yolov8_msgs/share/yolov8_msgs/package.xml
[0.872s] Invoked command in '/home/parallels/test/build/yolov8_msgs' returned '0': CMAKE_PREFIX_PATH=${CMAKE_PREFIX_PATH}:/opt/ros/iron /usr/bin/cmake --install /home/parallels/test/build/yolov8_msgs
