[0.032s] Invoking command in '/home/parallels/test/build/mobile_robot': CMAKE_PREFIX_PATH=${CMAKE_PREFIX_PATH}:/opt/ros/iron /usr/bin/cmake --build /home/parallels/test/build/mobile_robot -- -j8 -l8
[0.139s] Invoked command in '/home/parallels/test/build/mobile_robot' returned '0': CMAKE_PREFIX_PATH=${CMAKE_PREFIX_PATH}:/opt/ros/iron /usr/bin/cmake --build /home/parallels/test/build/mobile_robot -- -j8 -l8
[0.183s] Invoking command in '/home/parallels/test/build/mobile_robot': CMAKE_PREFIX_PATH=${CMAKE_PREFIX_PATH}:/opt/ros/iron /usr/bin/cmake --install /home/parallels/test/build/mobile_robot
[0.192s] -- Install configuration: ""
[0.193s] -- Up-to-date: /home/parallels/test/install/mobile_robot/share/mobile_robot/launch
[0.194s] -- Up-to-date: /home/parallels/test/install/mobile_robot/share/mobile_robot/launch/gazebo_model.launch.py
[0.194s] -- Up-to-date: /home/parallels/test/install/mobile_robot/share/mobile_robot/model
[0.194s] -- Up-to-date: /home/parallels/test/install/mobile_robot/share/mobile_robot/model/robot.gazebo
[0.194s] -- Up-to-date: /home/parallels/test/install/mobile_robot/share/mobile_robot/model/empty_world (copy).world
[0.195s] -- Up-to-date: /home/parallels/test/install/mobile_robot/share/mobile_robot/model/robot.xacro
[0.195s] -- Installing: /home/parallels/test/install/mobile_robot/share/mobile_robot/model/empty_world.world
[0.195s] -- Up-to-date: /home/parallels/test/install/mobile_robot/share/mobile_robot/model/empty_world (another copy).world
[0.195s] -- Up-to-date: /home/parallels/test/install/mobile_robot/share/ament_index/resource_index/package_run_dependencies/mobile_robot
[0.195s] -- Up-to-date: /home/parallels/test/install/mobile_robot/share/ament_index/resource_index/parent_prefix_path/mobile_robot
[0.196s] -- Up-to-date: /home/parallels/test/install/mobile_robot/share/mobile_robot/environment/ament_prefix_path.sh
[0.196s] -- Up-to-date: /home/parallels/test/install/mobile_robot/share/mobile_robot/environment/ament_prefix_path.dsv
[0.196s] -- Up-to-date: /home/parallels/test/install/mobile_robot/share/mobile_robot/environment/path.sh
[0.196s] -- Up-to-date: /home/parallels/test/install/mobile_robot/share/mobile_robot/environment/path.dsv
[0.196s] -- Up-to-date: /home/parallels/test/install/mobile_robot/share/mobile_robot/local_setup.bash
[0.196s] -- Up-to-date: /home/parallels/test/install/mobile_robot/share/mobile_robot/local_setup.sh
[0.196s] -- Up-to-date: /home/parallels/test/install/mobile_robot/share/mobile_robot/local_setup.zsh
[0.196s] -- Up-to-date: /home/parallels/test/install/mobile_robot/share/mobile_robot/local_setup.dsv
[0.197s] -- Installing: /home/parallels/test/install/mobile_robot/share/mobile_robot/package.dsv
[0.197s] -- Up-to-date: /home/parallels/test/install/mobile_robot/share/ament_index/resource_index/packages/mobile_robot
[0.197s] -- Up-to-date: /home/parallels/test/install/mobile_robot/share/mobile_robot/cmake/mobile_robotConfig.cmake
[0.197s] -- Up-to-date: /home/parallels/test/install/mobile_robot/share/mobile_robot/cmake/mobile_robotConfig-version.cmake
[0.197s] -- Up-to-date: /home/parallels/test/install/mobile_robot/share/mobile_robot/package.xml
[0.199s] Invoked command in '/home/parallels/test/build/mobile_robot' returned '0': CMAKE_PREFIX_PATH=${CMAKE_PREFIX_PATH}:/opt/ros/iron /usr/bin/cmake --install /home/parallels/test/build/mobile_robot
