[0.026s] Invoking command in '/home/parallels/test/build/yolobot_recognition': CMAKE_PREFIX_PATH=${CMAKE_PREFIX_PATH}:/opt/ros/iron /usr/bin/cmake --build /home/parallels/test/build/yolobot_recognition -- -j8 -l8
[0.072s] Invoked command in '/home/parallels/test/build/yolobot_recognition' returned '0': CMAKE_PREFIX_PATH=${CMAKE_PREFIX_PATH}:/opt/ros/iron /usr/bin/cmake --build /home/parallels/test/build/yolobot_recognition -- -j8 -l8
[0.123s] Invoking command in '/home/parallels/test/build/yolobot_recognition': CMAKE_PREFIX_PATH=${CMAKE_PREFIX_PATH}:/opt/ros/iron /usr/bin/cmake --install /home/parallels/test/build/yolobot_recognition
[0.152s] -- Install configuration: ""
[0.152s] -- Up-to-date: /home/parallels/test/install/yolobot_recognition/share/yolobot_recognition//scripts
[0.152s] -- Up-to-date: /home/parallels/test/install/yolobot_recognition/share/yolobot_recognition//scripts/.dockerignore
[0.152s] -- Up-to-date: /home/parallels/test/install/yolobot_recognition/share/yolobot_recognition//scripts/.gitignore
[0.153s] -- Up-to-date: /home/parallels/test/install/yolobot_recognition/share/yolobot_recognition//scripts/yolov8_ros2_subscriber.py
[0.153s] -- Up-to-date: /home/parallels/test/install/yolobot_recognition/share/yolobot_recognition//scripts/yolov8m.pt
[0.153s] -- Up-to-date: /home/parallels/test/install/yolobot_recognition/share/yolobot_recognition//scripts/.gitattributes
[0.153s] -- Up-to-date: /home/parallels/test/install/yolobot_recognition/share/yolobot_recognition//scripts/yolov8_ros2_pt.py
[0.154s] -- Up-to-date: /home/parallels/test/install/yolobot_recognition/share/yolobot_recognition//scripts/yolov8n.pt
[0.154s] -- Up-to-date: /home/parallels/test/install/yolobot_recognition/share/yolobot_recognition//launch
[0.154s] -- Up-to-date: /home/parallels/test/install/yolobot_recognition/share/yolobot_recognition//launch/launch_yolov8.launch.py
[0.155s] -- Up-to-date: /home/parallels/test/install/yolobot_recognition/lib/yolobot_recognition/yolov8_ros2_pt.py
[0.155s] -- Up-to-date: /home/parallels/test/install/yolobot_recognition/lib/yolobot_recognition/yolov8_ros2_subscriber.py
[0.155s] -- Up-to-date: /home/parallels/test/install/yolobot_recognition/lib/yolobot_recognition/launch_yolov8.launch.py
[0.155s] -- Up-to-date: /home/parallels/test/install/yolobot_recognition/share/ament_index/resource_index/package_run_dependencies/yolobot_recognition
[0.155s] -- Up-to-date: /home/parallels/test/install/yolobot_recognition/share/ament_index/resource_index/parent_prefix_path/yolobot_recognition
[0.156s] -- Up-to-date: /home/parallels/test/install/yolobot_recognition/share/yolobot_recognition/environment/ament_prefix_path.sh
[0.156s] -- Up-to-date: /home/parallels/test/install/yolobot_recognition/share/yolobot_recognition/environment/ament_prefix_path.dsv
[0.156s] -- Up-to-date: /home/parallels/test/install/yolobot_recognition/share/yolobot_recognition/environment/path.sh
[0.156s] -- Up-to-date: /home/parallels/test/install/yolobot_recognition/share/yolobot_recognition/environment/path.dsv
[0.157s] -- Up-to-date: /home/parallels/test/install/yolobot_recognition/share/yolobot_recognition/local_setup.bash
[0.157s] -- Up-to-date: /home/parallels/test/install/yolobot_recognition/share/yolobot_recognition/local_setup.sh
[0.159s] -- Up-to-date: /home/parallels/test/install/yolobot_recognition/share/yolobot_recognition/local_setup.zsh
[0.159s] -- Up-to-date: /home/parallels/test/install/yolobot_recognition/share/yolobot_recognition/local_setup.dsv
[0.160s] -- Installing: /home/parallels/test/install/yolobot_recognition/share/yolobot_recognition/package.dsv
[0.160s] -- Up-to-date: /home/parallels/test/install/yolobot_recognition/share/ament_index/resource_index/packages/yolobot_recognition
[0.160s] -- Up-to-date: /home/parallels/test/install/yolobot_recognition/share/yolobot_recognition/cmake/yolobot_recognitionConfig.cmake
[0.160s] -- Up-to-date: /home/parallels/test/install/yolobot_recognition/share/yolobot_recognition/cmake/yolobot_recognitionConfig-version.cmake
[0.161s] -- Up-to-date: /home/parallels/test/install/yolobot_recognition/share/yolobot_recognition/package.xml
[0.164s] Invoked command in '/home/parallels/test/build/yolobot_recognition' returned '0': CMAKE_PREFIX_PATH=${CMAKE_PREFIX_PATH}:/opt/ros/iron /usr/bin/cmake --install /home/parallels/test/build/yolobot_recognition
