[0.027s] Invoking command in '/home/parallels/test/build/yolov8_msgs': CMAKE_PREFIX_PATH=${CMAKE_PREFIX_PATH}:/opt/ros/iron /usr/bin/cmake /home/parallels/test/src/mobile_robot_msgs -DCMAKE_INSTALL_PREFIX=/home/parallels/test/install/yolov8_msgs
[0.104s] -- The C compiler identification is GNU 11.4.0
[0.183s] -- The CXX compiler identification is GNU 11.4.0
[0.194s] -- Detecting C compiler ABI info
[0.279s] -- Detecting C compiler ABI info - done
[0.291s] -- Check for working C compiler: /usr/bin/cc - skipped
[0.291s] -- Detecting C compile features
[0.292s] -- Detecting C compile features - done
[0.296s] -- Detecting CXX compiler ABI info
[0.395s] -- Detecting CXX compiler ABI info - done
[0.407s] -- Check for working CXX compiler: /usr/bin/c++ - skipped
[0.408s] -- Detecting CXX compile features
[0.408s] -- Detecting CXX compile features - done
[0.413s] -- Found ament_cmake: 2.0.6 (/opt/ros/iron/share/ament_cmake/cmake)
[0.621s] -- Found Python3: /usr/bin/python3.10 (found version "3.10.12") found components: Interpreter 
[0.741s] -- Found std_msgs: 5.0.1 (/opt/ros/iron/share/std_msgs/cmake)
[0.794s] -- Found rosidl_generator_c: 4.0.1 (/opt/ros/iron/share/rosidl_generator_c/cmake)
[0.812s] -- Found rosidl_generator_cpp: 4.0.1 (/opt/ros/iron/share/rosidl_generator_cpp/cmake)
[0.837s] -- Using all available rosidl_typesupport_c: rosidl_typesupport_fastrtps_c;rosidl_typesupport_introspection_c
[0.868s] -- Using all available rosidl_typesupport_cpp: rosidl_typesupport_fastrtps_cpp;rosidl_typesupport_introspection_cpp
[0.961s] -- Found rosidl_default_generators: 1.5.0 (/opt/ros/iron/share/rosidl_default_generators/cmake)
[0.979s] -- Found rosidl_adapter: 4.0.1 (/opt/ros/iron/share/rosidl_adapter/cmake)
[1.386s] -- Found ament_cmake_ros: 0.11.2 (/opt/ros/iron/share/ament_cmake_ros/cmake)
[1.826s] -- Using all available rosidl_typesupport_c: rosidl_typesupport_fastrtps_c;rosidl_typesupport_introspection_c
[2.000s] -- Using all available rosidl_typesupport_cpp: rosidl_typesupport_fastrtps_cpp;rosidl_typesupport_introspection_cpp
[2.025s] -- Found PythonInterp: /usr/bin/python3 (found suitable version "3.10.12", minimum required is "3.6") 
[2.027s] -- Found python_cmake_module: 0.10.2 (/opt/ros/iron/share/python_cmake_module/cmake)
[2.060s] -- Found PythonLibs: /usr/lib/x86_64-linux-gnu/libpython3.10.so (found suitable version "3.10.12", minimum required is "3.5") 
[2.060s] -- Using PYTHON_EXECUTABLE: /usr/bin/python3
[2.060s] -- Using PYTHON_INCLUDE_DIRS: /usr/include/python3.10
[2.060s] -- Using PYTHON_LIBRARIES: /usr/lib/x86_64-linux-gnu/libpython3.10.so
[2.085s] -- Found PythonExtra: .so  
[2.149s] -- Found ament_lint_auto: 0.14.4 (/opt/ros/iron/share/ament_lint_auto/cmake)
[2.176s] -- Added test 'copyright' to check source files copyright and LICENSE
[2.179s] -- Added test 'lint_cmake' to check CMake code style
[2.180s] -- Added test 'xmllint' to check XML markup files
[2.184s] -- Configuring done
[2.236s] -- Generating done
[2.239s] -- Build files have been written to: /home/parallels/test/build/yolov8_msgs
[2.250s] Invoked command in '/home/parallels/test/build/yolov8_msgs' returned '0': CMAKE_PREFIX_PATH=${CMAKE_PREFIX_PATH}:/opt/ros/iron /usr/bin/cmake /home/parallels/test/src/mobile_robot_msgs -DCMAKE_INSTALL_PREFIX=/home/parallels/test/install/yolov8_msgs
[2.253s] Invoking command in '/home/parallels/test/build/yolov8_msgs': CMAKE_PREFIX_PATH=${CMAKE_PREFIX_PATH}:/opt/ros/iron /usr/bin/cmake --build /home/parallels/test/build/yolov8_msgs -- -j8 -l8
[2.315s] [  2%] [34m[1mGenerating type hashes for ROS interfaces[0m
[2.326s] [  2%] Built target ament_cmake_python_copy_yolov8_msgs
[2.613s] [  2%] Built target yolov8_msgs__rosidl_generator_type_description
[2.626s] [  4%] [34m[1mGenerating C code for ROS interfaces[0m
[2.640s] [  6%] [34m[1mGenerating C++ code for ROS interfaces[0m
[2.654s] running egg_info
[2.655s] creating yolov8_msgs.egg-info
[2.655s] writing yolov8_msgs.egg-info/PKG-INFO
[2.656s] writing dependency_links to yolov8_msgs.egg-info/dependency_links.txt
[2.656s] writing top-level names to yolov8_msgs.egg-info/top_level.txt
[2.657s] writing manifest file 'yolov8_msgs.egg-info/SOURCES.txt'
[2.660s] reading manifest file 'yolov8_msgs.egg-info/SOURCES.txt'
[2.660s] writing manifest file 'yolov8_msgs.egg-info/SOURCES.txt'
[2.700s] [  6%] Built target ament_cmake_python_build_yolov8_msgs_egg
[3.047s] [  6%] Built target yolov8_msgs__cpp
[3.149s] [ 11%] [32mBuilding C object CMakeFiles/yolov8_msgs__rosidl_generator_c.dir/rosidl_generator_c/yolov8_msgs/msg/detail/inference_result__type_support.c.o[0m
[3.149s] [ 11%] [32mBuilding C object CMakeFiles/yolov8_msgs__rosidl_generator_c.dir/rosidl_generator_c/yolov8_msgs/msg/detail/inference_result__description.c.o[0m
[3.152s] [ 13%] [32mBuilding C object CMakeFiles/yolov8_msgs__rosidl_generator_c.dir/rosidl_generator_c/yolov8_msgs/msg/detail/inference_result__functions.c.o[0m
[3.154s] [ 18%] [32mBuilding C object CMakeFiles/yolov8_msgs__rosidl_generator_c.dir/rosidl_generator_c/yolov8_msgs/msg/detail/yolov8_inference__functions.c.o[0m
[3.154s] [ 20%] [32mBuilding C object CMakeFiles/yolov8_msgs__rosidl_generator_c.dir/rosidl_generator_c/yolov8_msgs/msg/detail/yolov8_inference__type_support.c.o[0m
[3.154s] [ 20%] [32mBuilding C object CMakeFiles/yolov8_msgs__rosidl_generator_c.dir/rosidl_generator_c/yolov8_msgs/msg/detail/yolov8_inference__description.c.o[0m
[3.224s] [ 22%] [32m[1mLinking C shared library libyolov8_msgs__rosidl_generator_c.so[0m
[3.268s] [ 22%] Built target yolov8_msgs__rosidl_generator_c
[3.286s] [ 29%] [34m[1mGenerating C++ introspection for ROS interfaces[0m
[3.287s] [ 29%] [34m[1mGenerating C type support for eProsima Fast-RTPS[0m
[3.287s] [ 29%] [34m[1mGenerating C++ type support for eProsima Fast-RTPS[0m
[3.288s] [ 34%] [34m[1mGenerating C++ type support dispatch for ROS interfaces[0m
[3.288s] [ 34%] [34m[1mGenerating C type support dispatch for ROS interfaces[0m
[3.288s] [ 36%] [34m[1mGenerating C introspection for ROS interfaces[0m
[3.773s] [ 38%] [32mBuilding CXX object CMakeFiles/yolov8_msgs__rosidl_typesupport_c.dir/rosidl_typesupport_c/yolov8_msgs/msg/inference_result__type_support.cpp.o[0m
[3.774s] [ 40%] [32mBuilding CXX object CMakeFiles/yolov8_msgs__rosidl_typesupport_c.dir/rosidl_typesupport_c/yolov8_msgs/msg/yolov8_inference__type_support.cpp.o[0m
[3.790s] [ 43%] [32mBuilding CXX object CMakeFiles/yolov8_msgs__rosidl_typesupport_cpp.dir/rosidl_typesupport_cpp/yolov8_msgs/msg/yolov8_inference__type_support.cpp.o[0m
[3.799s] [ 45%] [32mBuilding CXX object CMakeFiles/yolov8_msgs__rosidl_typesupport_cpp.dir/rosidl_typesupport_cpp/yolov8_msgs/msg/inference_result__type_support.cpp.o[0m
[3.870s] [ 47%] [32m[1mLinking CXX shared library libyolov8_msgs__rosidl_typesupport_c.so[0m
[3.882s] [ 50%] [32mBuilding CXX object CMakeFiles/yolov8_msgs__rosidl_typesupport_introspection_cpp.dir/rosidl_typesupport_introspection_cpp/yolov8_msgs/msg/detail/inference_result__type_support.cpp.o[0m
[3.888s] [ 52%] [32mBuilding CXX object CMakeFiles/yolov8_msgs__rosidl_typesupport_introspection_cpp.dir/rosidl_typesupport_introspection_cpp/yolov8_msgs/msg/detail/yolov8_inference__type_support.cpp.o[0m
[3.902s] [ 54%] [32mBuilding CXX object CMakeFiles/yolov8_msgs__rosidl_typesupport_fastrtps_cpp.dir/rosidl_typesupport_fastrtps_cpp/yolov8_msgs/msg/detail/dds_fastrtps/inference_result__type_support.cpp.o[0m
[3.910s] [ 56%] [32mBuilding C object CMakeFiles/yolov8_msgs__rosidl_typesupport_introspection_c.dir/rosidl_typesupport_introspection_c/yolov8_msgs/msg/detail/inference_result__type_support.c.o[0m
[3.914s] [ 59%] [32mBuilding CXX object CMakeFiles/yolov8_msgs__rosidl_typesupport_fastrtps_c.dir/rosidl_typesupport_fastrtps_c/yolov8_msgs/msg/detail/inference_result__type_support_c.cpp.o[0m
[4.077s] [ 59%] Built target yolov8_msgs__rosidl_typesupport_c
[4.094s] [ 61%] [32mBuilding C object CMakeFiles/yolov8_msgs__rosidl_typesupport_introspection_c.dir/rosidl_typesupport_introspection_c/yolov8_msgs/msg/detail/yolov8_inference__type_support.c.o[0m
[4.103s] [ 63%] [32mBuilding CXX object CMakeFiles/yolov8_msgs__rosidl_typesupport_fastrtps_cpp.dir/rosidl_typesupport_fastrtps_cpp/yolov8_msgs/msg/detail/dds_fastrtps/yolov8_inference__type_support.cpp.o[0m
[4.171s] [ 65%] [32m[1mLinking C shared library libyolov8_msgs__rosidl_typesupport_introspection_c.so[0m
[4.234s] [ 65%] Built target yolov8_msgs__rosidl_typesupport_introspection_c
[4.255s] [ 68%] [32mBuilding CXX object CMakeFiles/yolov8_msgs__rosidl_typesupport_fastrtps_c.dir/rosidl_typesupport_fastrtps_c/yolov8_msgs/msg/detail/yolov8_inference__type_support_c.cpp.o[0m
[4.748s] [ 70%] [32m[1mLinking CXX shared library libyolov8_msgs__rosidl_typesupport_cpp.so[0m
[4.834s] [ 70%] Built target yolov8_msgs__rosidl_typesupport_cpp
[4.907s] [ 72%] [32m[1mLinking CXX shared library libyolov8_msgs__rosidl_typesupport_introspection_cpp.so[0m
[4.947s] [ 75%] [32m[1mLinking CXX shared library libyolov8_msgs__rosidl_typesupport_fastrtps_c.so[0m
[5.068s] [ 75%] Built target yolov8_msgs__rosidl_typesupport_introspection_cpp
[5.094s] [ 75%] Built target yolov8_msgs__rosidl_typesupport_fastrtps_c
[5.202s] [ 77%] [32m[1mLinking CXX shared library libyolov8_msgs__rosidl_typesupport_fastrtps_cpp.so[0m
[5.300s] [ 77%] Built target yolov8_msgs__rosidl_typesupport_fastrtps_cpp
[5.326s] [ 77%] Built target yolov8_msgs
[5.352s] [ 79%] [34m[1mGenerating Python code for ROS interfaces[0m
[5.885s] [ 79%] Built target yolov8_msgs__py
[5.911s] [ 84%] [32mBuilding C object CMakeFiles/yolov8_msgs__rosidl_generator_py.dir/rosidl_generator_py/yolov8_msgs/msg/_yolov8_inference_s.c.o[0m
[5.911s] [ 84%] [32mBuilding C object CMakeFiles/yolov8_msgs__rosidl_generator_py.dir/rosidl_generator_py/yolov8_msgs/msg/_inference_result_s.c.o[0m
[6.043s] [ 86%] [32m[1mLinking C shared library rosidl_generator_py/yolov8_msgs/libyolov8_msgs__rosidl_generator_py.so[0m
[6.092s] [ 86%] Built target yolov8_msgs__rosidl_generator_py
[6.118s] [ 93%] [32mBuilding C object CMakeFiles/yolov8_msgs__rosidl_typesupport_fastrtps_c__pyext.dir/rosidl_generator_py/yolov8_msgs/_yolov8_msgs_s.ep.rosidl_typesupport_fastrtps_c.c.o[0m
[6.118s] [ 93%] [32mBuilding C object CMakeFiles/yolov8_msgs__rosidl_typesupport_introspection_c__pyext.dir/rosidl_generator_py/yolov8_msgs/_yolov8_msgs_s.ep.rosidl_typesupport_introspection_c.c.o[0m
[6.118s] [ 93%] [32mBuilding C object CMakeFiles/yolov8_msgs__rosidl_typesupport_c__pyext.dir/rosidl_generator_py/yolov8_msgs/_yolov8_msgs_s.ep.rosidl_typesupport_c.c.o[0m
[6.248s] [100%] [32m[1mLinking C shared library rosidl_generator_py/yolov8_msgs/yolov8_msgs_s__rosidl_typesupport_fastrtps_c.cpython-310-x86_64-linux-gnu.so[0m
[6.248s] [100%] [32m[1mLinking C shared library rosidl_generator_py/yolov8_msgs/yolov8_msgs_s__rosidl_typesupport_introspection_c.cpython-310-x86_64-linux-gnu.so[0m
[6.248s] [100%] [32m[1mLinking C shared library rosidl_generator_py/yolov8_msgs/yolov8_msgs_s__rosidl_typesupport_c.cpython-310-x86_64-linux-gnu.so[0m
[6.300s] [100%] Built target yolov8_msgs__rosidl_typesupport_fastrtps_c__pyext
[6.300s] [100%] Built target yolov8_msgs__rosidl_typesupport_introspection_c__pyext
[6.300s] [100%] Built target yolov8_msgs__rosidl_typesupport_c__pyext
[6.313s] Invoked command in '/home/parallels/test/build/yolov8_msgs' returned '0': CMAKE_PREFIX_PATH=${CMAKE_PREFIX_PATH}:/opt/ros/iron /usr/bin/cmake --build /home/parallels/test/build/yolov8_msgs -- -j8 -l8
[6.466s] Invoking command in '/home/parallels/test/build/yolov8_msgs': CMAKE_PREFIX_PATH=${CMAKE_PREFIX_PATH}:/opt/ros/iron /usr/bin/cmake --install /home/parallels/test/build/yolov8_msgs
[6.476s] -- Install configuration: ""
[6.476s] -- Installing: /home/parallels/test/install/yolov8_msgs/share/ament_index/resource_index/rosidl_interfaces/yolov8_msgs
[6.476s] -- Installing: /home/parallels/test/install/yolov8_msgs/share/yolov8_msgs/msg/InferenceResult.json
[6.477s] -- Installing: /home/parallels/test/install/yolov8_msgs/share/yolov8_msgs/msg/Yolov8Inference.json
[6.477s] -- Installing: /home/parallels/test/install/yolov8_msgs/include/yolov8_msgs/yolov8_msgs
[6.477s] -- Installing: /home/parallels/test/install/yolov8_msgs/include/yolov8_msgs/yolov8_msgs/msg
[6.477s] -- Installing: /home/parallels/test/install/yolov8_msgs/include/yolov8_msgs/yolov8_msgs/msg/yolov8_inference.h
[6.477s] -- Installing: /home/parallels/test/install/yolov8_msgs/include/yolov8_msgs/yolov8_msgs/msg/detail
[6.478s] -- Installing: /home/parallels/test/install/yolov8_msgs/include/yolov8_msgs/yolov8_msgs/msg/detail/inference_result__struct.h
[6.478s] -- Installing: /home/parallels/test/install/yolov8_msgs/include/yolov8_msgs/yolov8_msgs/msg/detail/inference_result__description.c
[6.478s] -- Installing: /home/parallels/test/install/yolov8_msgs/include/yolov8_msgs/yolov8_msgs/msg/detail/inference_result__functions.h
[6.478s] -- Installing: /home/parallels/test/install/yolov8_msgs/include/yolov8_msgs/yolov8_msgs/msg/detail/yolov8_inference__functions.c
[6.478s] -- Installing: /home/parallels/test/install/yolov8_msgs/include/yolov8_msgs/yolov8_msgs/msg/detail/inference_result__type_support.c
[6.478s] -- Installing: /home/parallels/test/install/yolov8_msgs/include/yolov8_msgs/yolov8_msgs/msg/detail/yolov8_inference__struct.h
[6.479s] -- Installing: /home/parallels/test/install/yolov8_msgs/include/yolov8_msgs/yolov8_msgs/msg/detail/yolov8_inference__description.c
[6.479s] -- Installing: /home/parallels/test/install/yolov8_msgs/include/yolov8_msgs/yolov8_msgs/msg/detail/yolov8_inference__type_support.h
[6.479s] -- Installing: /home/parallels/test/install/yolov8_msgs/include/yolov8_msgs/yolov8_msgs/msg/detail/yolov8_inference__type_support.c
[6.479s] -- Installing: /home/parallels/test/install/yolov8_msgs/include/yolov8_msgs/yolov8_msgs/msg/detail/yolov8_inference__functions.h
[6.479s] -- Installing: /home/parallels/test/install/yolov8_msgs/include/yolov8_msgs/yolov8_msgs/msg/detail/inference_result__functions.c
[6.479s] -- Installing: /home/parallels/test/install/yolov8_msgs/include/yolov8_msgs/yolov8_msgs/msg/detail/inference_result__type_support.h
[6.480s] -- Installing: /home/parallels/test/install/yolov8_msgs/include/yolov8_msgs/yolov8_msgs/msg/inference_result.h
[6.480s] -- Installing: /home/parallels/test/install/yolov8_msgs/include/yolov8_msgs/yolov8_msgs/msg/rosidl_generator_c__visibility_control.h
[6.480s] -- Installing: /home/parallels/test/install/yolov8_msgs/share/yolov8_msgs/environment/library_path.sh
[6.480s] -- Installing: /home/parallels/test/install/yolov8_msgs/share/yolov8_msgs/environment/library_path.dsv
[6.480s] -- Installing: /home/parallels/test/install/yolov8_msgs/lib/libyolov8_msgs__rosidl_generator_c.so
[6.480s] -- Set runtime path of "/home/parallels/test/install/yolov8_msgs/lib/libyolov8_msgs__rosidl_generator_c.so" to ""
[6.481s] -- Up-to-date: /home/parallels/test/install/yolov8_msgs/include/yolov8_msgs/yolov8_msgs
[6.481s] -- Up-to-date: /home/parallels/test/install/yolov8_msgs/include/yolov8_msgs/yolov8_msgs/msg
[6.481s] -- Up-to-date: /home/parallels/test/install/yolov8_msgs/include/yolov8_msgs/yolov8_msgs/msg/detail
[6.481s] -- Installing: /home/parallels/test/install/yolov8_msgs/include/yolov8_msgs/yolov8_msgs/msg/detail/yolov8_inference__rosidl_typesupport_fastrtps_c.h
[6.481s] -- Installing: /home/parallels/test/install/yolov8_msgs/include/yolov8_msgs/yolov8_msgs/msg/detail/inference_result__rosidl_typesupport_fastrtps_c.h
[6.481s] -- Installing: /home/parallels/test/install/yolov8_msgs/include/yolov8_msgs/yolov8_msgs/msg/rosidl_typesupport_fastrtps_c__visibility_control.h
[6.482s] -- Installing: /home/parallels/test/install/yolov8_msgs/lib/libyolov8_msgs__rosidl_typesupport_fastrtps_c.so
[6.482s] -- Set runtime path of "/home/parallels/test/install/yolov8_msgs/lib/libyolov8_msgs__rosidl_typesupport_fastrtps_c.so" to ""
[6.482s] -- Up-to-date: /home/parallels/test/install/yolov8_msgs/include/yolov8_msgs/yolov8_msgs
[6.482s] -- Up-to-date: /home/parallels/test/install/yolov8_msgs/include/yolov8_msgs/yolov8_msgs/msg
[6.482s] -- Installing: /home/parallels/test/install/yolov8_msgs/include/yolov8_msgs/yolov8_msgs/msg/yolov8_inference.hpp
[6.483s] -- Up-to-date: /home/parallels/test/install/yolov8_msgs/include/yolov8_msgs/yolov8_msgs/msg/detail
[6.483s] -- Installing: /home/parallels/test/install/yolov8_msgs/include/yolov8_msgs/yolov8_msgs/msg/detail/inference_result__builder.hpp
[6.483s] -- Installing: /home/parallels/test/install/yolov8_msgs/include/yolov8_msgs/yolov8_msgs/msg/detail/yolov8_inference__builder.hpp
[6.483s] -- Installing: /home/parallels/test/install/yolov8_msgs/include/yolov8_msgs/yolov8_msgs/msg/detail/yolov8_inference__struct.hpp
[6.484s] -- Installing: /home/parallels/test/install/yolov8_msgs/include/yolov8_msgs/yolov8_msgs/msg/detail/inference_result__struct.hpp
[6.484s] -- Installing: /home/parallels/test/install/yolov8_msgs/include/yolov8_msgs/yolov8_msgs/msg/detail/inference_result__traits.hpp
[6.484s] -- Installing: /home/parallels/test/install/yolov8_msgs/include/yolov8_msgs/yolov8_msgs/msg/detail/yolov8_inference__traits.hpp
[6.484s] -- Installing: /home/parallels/test/install/yolov8_msgs/include/yolov8_msgs/yolov8_msgs/msg/inference_result.hpp
[6.484s] -- Up-to-date: /home/parallels/test/install/yolov8_msgs/include/yolov8_msgs/yolov8_msgs
[6.484s] -- Up-to-date: /home/parallels/test/install/yolov8_msgs/include/yolov8_msgs/yolov8_msgs/msg
[6.484s] -- Installing: /home/parallels/test/install/yolov8_msgs/include/yolov8_msgs/yolov8_msgs/msg/rosidl_typesupport_fastrtps_cpp__visibility_control.h
[6.485s] -- Up-to-date: /home/parallels/test/install/yolov8_msgs/include/yolov8_msgs/yolov8_msgs/msg/detail
[6.485s] -- Installing: /home/parallels/test/install/yolov8_msgs/include/yolov8_msgs/yolov8_msgs/msg/detail/inference_result__rosidl_typesupport_fastrtps_cpp.hpp
[6.485s] -- Installing: /home/parallels/test/install/yolov8_msgs/include/yolov8_msgs/yolov8_msgs/msg/detail/dds_fastrtps
[6.485s] -- Installing: /home/parallels/test/install/yolov8_msgs/include/yolov8_msgs/yolov8_msgs/msg/detail/yolov8_inference__rosidl_typesupport_fastrtps_cpp.hpp
[6.485s] -- Installing: /home/parallels/test/install/yolov8_msgs/lib/libyolov8_msgs__rosidl_typesupport_fastrtps_cpp.so
[6.485s] -- Set runtime path of "/home/parallels/test/install/yolov8_msgs/lib/libyolov8_msgs__rosidl_typesupport_fastrtps_cpp.so" to ""
[6.485s] -- Up-to-date: /home/parallels/test/install/yolov8_msgs/include/yolov8_msgs/yolov8_msgs
[6.486s] -- Up-to-date: /home/parallels/test/install/yolov8_msgs/include/yolov8_msgs/yolov8_msgs/msg
[6.486s] -- Up-to-date: /home/parallels/test/install/yolov8_msgs/include/yolov8_msgs/yolov8_msgs/msg/detail
[6.486s] -- Installing: /home/parallels/test/install/yolov8_msgs/include/yolov8_msgs/yolov8_msgs/msg/detail/inference_result__rosidl_typesupport_introspection_c.h
[6.486s] -- Installing: /home/parallels/test/install/yolov8_msgs/include/yolov8_msgs/yolov8_msgs/msg/detail/inference_result__type_support.c
[6.486s] -- Installing: /home/parallels/test/install/yolov8_msgs/include/yolov8_msgs/yolov8_msgs/msg/detail/yolov8_inference__type_support.c
[6.486s] -- Installing: /home/parallels/test/install/yolov8_msgs/include/yolov8_msgs/yolov8_msgs/msg/detail/yolov8_inference__rosidl_typesupport_introspection_c.h
[6.487s] -- Installing: /home/parallels/test/install/yolov8_msgs/include/yolov8_msgs/yolov8_msgs/msg/rosidl_typesupport_introspection_c__visibility_control.h
[6.487s] -- Installing: /home/parallels/test/install/yolov8_msgs/lib/libyolov8_msgs__rosidl_typesupport_introspection_c.so
[6.487s] -- Set runtime path of "/home/parallels/test/install/yolov8_msgs/lib/libyolov8_msgs__rosidl_typesupport_introspection_c.so" to ""
[6.487s] -- Installing: /home/parallels/test/install/yolov8_msgs/lib/libyolov8_msgs__rosidl_typesupport_c.so
[6.487s] -- Set runtime path of "/home/parallels/test/install/yolov8_msgs/lib/libyolov8_msgs__rosidl_typesupport_c.so" to ""
[6.487s] -- Up-to-date: /home/parallels/test/install/yolov8_msgs/include/yolov8_msgs/yolov8_msgs
[6.487s] -- Up-to-date: /home/parallels/test/install/yolov8_msgs/include/yolov8_msgs/yolov8_msgs/msg
[6.487s] -- Up-to-date: /home/parallels/test/install/yolov8_msgs/include/yolov8_msgs/yolov8_msgs/msg/detail
[6.488s] -- Installing: /home/parallels/test/install/yolov8_msgs/include/yolov8_msgs/yolov8_msgs/msg/detail/yolov8_inference__type_support.cpp
[6.488s] -- Installing: /home/parallels/test/install/yolov8_msgs/include/yolov8_msgs/yolov8_msgs/msg/detail/yolov8_inference__rosidl_typesupport_introspection_cpp.hpp
[6.488s] -- Installing: /home/parallels/test/install/yolov8_msgs/include/yolov8_msgs/yolov8_msgs/msg/detail/inference_result__rosidl_typesupport_introspection_cpp.hpp
[6.488s] -- Installing: /home/parallels/test/install/yolov8_msgs/include/yolov8_msgs/yolov8_msgs/msg/detail/inference_result__type_support.cpp
[6.488s] -- Installing: /home/parallels/test/install/yolov8_msgs/lib/libyolov8_msgs__rosidl_typesupport_introspection_cpp.so
[6.488s] -- Set runtime path of "/home/parallels/test/install/yolov8_msgs/lib/libyolov8_msgs__rosidl_typesupport_introspection_cpp.so" to ""
[6.489s] -- Installing: /home/parallels/test/install/yolov8_msgs/lib/libyolov8_msgs__rosidl_typesupport_cpp.so
[6.489s] -- Set runtime path of "/home/parallels/test/install/yolov8_msgs/lib/libyolov8_msgs__rosidl_typesupport_cpp.so" to ""
[6.489s] -- Installing: /home/parallels/test/install/yolov8_msgs/share/yolov8_msgs/environment/pythonpath.sh
[6.489s] -- Installing: /home/parallels/test/install/yolov8_msgs/share/yolov8_msgs/environment/pythonpath.dsv
[6.489s] -- Installing: /home/parallels/test/install/yolov8_msgs/lib/python3.10/site-packages/yolov8_msgs-0.0.0-py3.10.egg-info
[6.489s] -- Installing: /home/parallels/test/install/yolov8_msgs/lib/python3.10/site-packages/yolov8_msgs-0.0.0-py3.10.egg-info/top_level.txt
[6.489s] -- Installing: /home/parallels/test/install/yolov8_msgs/lib/python3.10/site-packages/yolov8_msgs-0.0.0-py3.10.egg-info/SOURCES.txt
[6.489s] -- Installing: /home/parallels/test/install/yolov8_msgs/lib/python3.10/site-packages/yolov8_msgs-0.0.0-py3.10.egg-info/PKG-INFO
[6.489s] -- Installing: /home/parallels/test/install/yolov8_msgs/lib/python3.10/site-packages/yolov8_msgs-0.0.0-py3.10.egg-info/dependency_links.txt
[6.495s] -- Installing: /home/parallels/test/install/yolov8_msgs/lib/python3.10/site-packages/yolov8_msgs
[6.495s] -- Installing: /home/parallels/test/install/yolov8_msgs/lib/python3.10/site-packages/yolov8_msgs/_yolov8_msgs_s.ep.rosidl_typesupport_c.c
[6.496s] -- Installing: /home/parallels/test/install/yolov8_msgs/lib/python3.10/site-packages/yolov8_msgs/_yolov8_msgs_s.ep.rosidl_typesupport_introspection_c.c
[6.496s] -- Installing: /home/parallels/test/install/yolov8_msgs/lib/python3.10/site-packages/yolov8_msgs/yolov8_msgs_s__rosidl_typesupport_introspection_c.cpython-310-x86_64-linux-gnu.so
[6.496s] -- Installing: /home/parallels/test/install/yolov8_msgs/lib/python3.10/site-packages/yolov8_msgs/yolov8_msgs_s__rosidl_typesupport_c.cpython-310-x86_64-linux-gnu.so
[6.496s] -- Installing: /home/parallels/test/install/yolov8_msgs/lib/python3.10/site-packages/yolov8_msgs/__init__.py
[6.497s] -- Installing: /home/parallels/test/install/yolov8_msgs/lib/python3.10/site-packages/yolov8_msgs/libyolov8_msgs__rosidl_generator_py.so
[6.497s] -- Installing: /home/parallels/test/install/yolov8_msgs/lib/python3.10/site-packages/yolov8_msgs/_yolov8_msgs_s.ep.rosidl_typesupport_fastrtps_c.c
[6.497s] -- Installing: /home/parallels/test/install/yolov8_msgs/lib/python3.10/site-packages/yolov8_msgs/yolov8_msgs_s__rosidl_typesupport_fastrtps_c.cpython-310-x86_64-linux-gnu.so
[6.497s] -- Installing: /home/parallels/test/install/yolov8_msgs/lib/python3.10/site-packages/yolov8_msgs/msg
[6.497s] -- Installing: /home/parallels/test/install/yolov8_msgs/lib/python3.10/site-packages/yolov8_msgs/msg/_yolov8_inference.py
[6.498s] -- Installing: /home/parallels/test/install/yolov8_msgs/lib/python3.10/site-packages/yolov8_msgs/msg/_inference_result_s.c
[6.498s] -- Installing: /home/parallels/test/install/yolov8_msgs/lib/python3.10/site-packages/yolov8_msgs/msg/_yolov8_inference_s.c
[6.498s] -- Installing: /home/parallels/test/install/yolov8_msgs/lib/python3.10/site-packages/yolov8_msgs/msg/__init__.py
[6.498s] -- Installing: /home/parallels/test/install/yolov8_msgs/lib/python3.10/site-packages/yolov8_msgs/msg/_inference_result.py
[6.540s] Listing '/home/parallels/test/install/yolov8_msgs/lib/python3.10/site-packages/yolov8_msgs'...
[6.540s] Compiling '/home/parallels/test/install/yolov8_msgs/lib/python3.10/site-packages/yolov8_msgs/__init__.py'...
[6.540s] Listing '/home/parallels/test/install/yolov8_msgs/lib/python3.10/site-packages/yolov8_msgs/msg'...
[6.540s] Compiling '/home/parallels/test/install/yolov8_msgs/lib/python3.10/site-packages/yolov8_msgs/msg/__init__.py'...
[6.540s] Compiling '/home/parallels/test/install/yolov8_msgs/lib/python3.10/site-packages/yolov8_msgs/msg/_inference_result.py'...
[6.540s] Compiling '/home/parallels/test/install/yolov8_msgs/lib/python3.10/site-packages/yolov8_msgs/msg/_yolov8_inference.py'...
[6.546s] -- Installing: /home/parallels/test/install/yolov8_msgs/lib/python3.10/site-packages/yolov8_msgs/yolov8_msgs_s__rosidl_typesupport_fastrtps_c.cpython-310-x86_64-linux-gnu.so
[6.546s] -- Set runtime path of "/home/parallels/test/install/yolov8_msgs/lib/python3.10/site-packages/yolov8_msgs/yolov8_msgs_s__rosidl_typesupport_fastrtps_c.cpython-310-x86_64-linux-gnu.so" to ""
[6.546s] -- Installing: /home/parallels/test/install/yolov8_msgs/lib/python3.10/site-packages/yolov8_msgs/yolov8_msgs_s__rosidl_typesupport_introspection_c.cpython-310-x86_64-linux-gnu.so
[6.546s] -- Set runtime path of "/home/parallels/test/install/yolov8_msgs/lib/python3.10/site-packages/yolov8_msgs/yolov8_msgs_s__rosidl_typesupport_introspection_c.cpython-310-x86_64-linux-gnu.so" to ""
[6.547s] -- Installing: /home/parallels/test/install/yolov8_msgs/lib/python3.10/site-packages/yolov8_msgs/yolov8_msgs_s__rosidl_typesupport_c.cpython-310-x86_64-linux-gnu.so
[6.547s] -- Set runtime path of "/home/parallels/test/install/yolov8_msgs/lib/python3.10/site-packages/yolov8_msgs/yolov8_msgs_s__rosidl_typesupport_c.cpython-310-x86_64-linux-gnu.so" to ""
[6.547s] -- Installing: /home/parallels/test/install/yolov8_msgs/lib/libyolov8_msgs__rosidl_generator_py.so
[6.548s] -- Set runtime path of "/home/parallels/test/install/yolov8_msgs/lib/libyolov8_msgs__rosidl_generator_py.so" to ""
[6.548s] -- Installing: /home/parallels/test/install/yolov8_msgs/share/yolov8_msgs/msg/InferenceResult.idl
[6.548s] -- Installing: /home/parallels/test/install/yolov8_msgs/share/yolov8_msgs/msg/Yolov8Inference.idl
[6.548s] -- Installing: /home/parallels/test/install/yolov8_msgs/share/yolov8_msgs/msg/InferenceResult.msg
[6.548s] -- Installing: /home/parallels/test/install/yolov8_msgs/share/yolov8_msgs/msg/Yolov8Inference.msg
[6.549s] -- Installing: /home/parallels/test/install/yolov8_msgs/share/ament_index/resource_index/package_run_dependencies/yolov8_msgs
[6.549s] -- Installing: /home/parallels/test/install/yolov8_msgs/share/ament_index/resource_index/parent_prefix_path/yolov8_msgs
[6.549s] -- Installing: /home/parallels/test/install/yolov8_msgs/share/yolov8_msgs/environment/ament_prefix_path.sh
[6.549s] -- Installing: /home/parallels/test/install/yolov8_msgs/share/yolov8_msgs/environment/ament_prefix_path.dsv
[6.549s] -- Installing: /home/parallels/test/install/yolov8_msgs/share/yolov8_msgs/environment/path.sh
[6.550s] -- Installing: /home/parallels/test/install/yolov8_msgs/share/yolov8_msgs/environment/path.dsv
[6.550s] -- Installing: /home/parallels/test/install/yolov8_msgs/share/yolov8_msgs/local_setup.bash
[6.550s] -- Installing: /home/parallels/test/install/yolov8_msgs/share/yolov8_msgs/local_setup.sh
[6.550s] -- Installing: /home/parallels/test/install/yolov8_msgs/share/yolov8_msgs/local_setup.zsh
[6.550s] -- Installing: /home/parallels/test/install/yolov8_msgs/share/yolov8_msgs/local_setup.dsv
[6.550s] -- Installing: /home/parallels/test/install/yolov8_msgs/share/yolov8_msgs/package.dsv
[6.551s] -- Installing: /home/parallels/test/install/yolov8_msgs/share/ament_index/resource_index/packages/yolov8_msgs
[6.551s] -- Installing: /home/parallels/test/install/yolov8_msgs/share/yolov8_msgs/cmake/export_yolov8_msgs__rosidl_generator_cExport.cmake
[6.551s] -- Installing: /home/parallels/test/install/yolov8_msgs/share/yolov8_msgs/cmake/export_yolov8_msgs__rosidl_generator_cExport-noconfig.cmake
[6.551s] -- Installing: /home/parallels/test/install/yolov8_msgs/share/yolov8_msgs/cmake/export_yolov8_msgs__rosidl_typesupport_fastrtps_cExport.cmake
[6.551s] -- Installing: /home/parallels/test/install/yolov8_msgs/share/yolov8_msgs/cmake/export_yolov8_msgs__rosidl_typesupport_fastrtps_cExport-noconfig.cmake
[6.552s] -- Installing: /home/parallels/test/install/yolov8_msgs/share/yolov8_msgs/cmake/export_yolov8_msgs__rosidl_generator_cppExport.cmake
[6.552s] -- Installing: /home/parallels/test/install/yolov8_msgs/share/yolov8_msgs/cmake/export_yolov8_msgs__rosidl_typesupport_fastrtps_cppExport.cmake
[6.552s] -- Installing: /home/parallels/test/install/yolov8_msgs/share/yolov8_msgs/cmake/export_yolov8_msgs__rosidl_typesupport_fastrtps_cppExport-noconfig.cmake
[6.552s] -- Installing: /home/parallels/test/install/yolov8_msgs/share/yolov8_msgs/cmake/yolov8_msgs__rosidl_typesupport_introspection_cExport.cmake
[6.552s] -- Installing: /home/parallels/test/install/yolov8_msgs/share/yolov8_msgs/cmake/yolov8_msgs__rosidl_typesupport_introspection_cExport-noconfig.cmake
[6.552s] -- Installing: /home/parallels/test/install/yolov8_msgs/share/yolov8_msgs/cmake/yolov8_msgs__rosidl_typesupport_cExport.cmake
[6.553s] -- Installing: /home/parallels/test/install/yolov8_msgs/share/yolov8_msgs/cmake/yolov8_msgs__rosidl_typesupport_cExport-noconfig.cmake
[6.553s] -- Installing: /home/parallels/test/install/yolov8_msgs/share/yolov8_msgs/cmake/yolov8_msgs__rosidl_typesupport_introspection_cppExport.cmake
[6.553s] -- Installing: /home/parallels/test/install/yolov8_msgs/share/yolov8_msgs/cmake/yolov8_msgs__rosidl_typesupport_introspection_cppExport-noconfig.cmake
[6.553s] -- Installing: /home/parallels/test/install/yolov8_msgs/share/yolov8_msgs/cmake/yolov8_msgs__rosidl_typesupport_cppExport.cmake
[6.553s] -- Installing: /home/parallels/test/install/yolov8_msgs/share/yolov8_msgs/cmake/yolov8_msgs__rosidl_typesupport_cppExport-noconfig.cmake
[6.553s] -- Installing: /home/parallels/test/install/yolov8_msgs/share/yolov8_msgs/cmake/export_yolov8_msgs__rosidl_generator_pyExport.cmake
[6.554s] -- Installing: /home/parallels/test/install/yolov8_msgs/share/yolov8_msgs/cmake/export_yolov8_msgs__rosidl_generator_pyExport-noconfig.cmake
[6.554s] -- Installing: /home/parallels/test/install/yolov8_msgs/share/yolov8_msgs/cmake/rosidl_cmake-extras.cmake
[6.554s] -- Installing: /home/parallels/test/install/yolov8_msgs/share/yolov8_msgs/cmake/ament_cmake_export_dependencies-extras.cmake
[6.554s] -- Installing: /home/parallels/test/install/yolov8_msgs/share/yolov8_msgs/cmake/ament_cmake_export_include_directories-extras.cmake
[6.554s] -- Installing: /home/parallels/test/install/yolov8_msgs/share/yolov8_msgs/cmake/ament_cmake_export_libraries-extras.cmake
[6.555s] -- Installing: /home/parallels/test/install/yolov8_msgs/share/yolov8_msgs/cmake/ament_cmake_export_targets-extras.cmake
[6.555s] -- Installing: /home/parallels/test/install/yolov8_msgs/share/yolov8_msgs/cmake/rosidl_cmake_export_typesupport_targets-extras.cmake
[6.555s] -- Installing: /home/parallels/test/install/yolov8_msgs/share/yolov8_msgs/cmake/rosidl_cmake_export_typesupport_libraries-extras.cmake
[6.555s] -- Installing: /home/parallels/test/install/yolov8_msgs/share/yolov8_msgs/cmake/yolov8_msgsConfig.cmake
[6.555s] -- Installing: /home/parallels/test/install/yolov8_msgs/share/yolov8_msgs/cmake/yolov8_msgsConfig-version.cmake
[6.555s] -- Installing: /home/parallels/test/install/yolov8_msgs/share/yolov8_msgs/package.xml
[6.558s] Invoked command in '/home/parallels/test/build/yolov8_msgs' returned '0': CMAKE_PREFIX_PATH=${CMAKE_PREFIX_PATH}:/opt/ros/iron /usr/bin/cmake --install /home/parallels/test/build/yolov8_msgs
