-- Install configuration: ""
-- Up-to-date: /home/parallels/test/install/mobile_robot/share/mobile_robot/launch
-- Up-to-date: /home/parallels/test/install/mobile_robot/share/mobile_robot/launch/mobile_robot_recognition
-- Up-to-date: /home/parallels/test/install/mobile_robot/share/mobile_robot/launch/mobile_robot_recognition/launch
-- Up-to-date: /home/parallels/test/install/mobile_robot/share/mobile_robot/launch/mobile_robot_recognition/launch/launch_yolov8.launch.py
-- Up-to-date: /home/parallels/test/install/mobile_robot/share/mobile_robot/launch/mobile_robot_recognition/package.xml
-- Up-to-date: /home/parallels/test/install/mobile_robot/share/mobile_robot/launch/mobile_robot_recognition/scripts
-- Up-to-date: /home/parallels/test/install/mobile_robot/share/mobile_robot/launch/mobile_robot_recognition/scripts/.dockerignore
-- Up-to-date: /home/parallels/test/install/mobile_robot/share/mobile_robot/launch/mobile_robot_recognition/scripts/.gitignore
-- Up-to-date: /home/parallels/test/install/mobile_robot/share/mobile_robot/launch/mobile_robot_recognition/scripts/yolov8_ros2_subscriber.py
-- Up-to-date: /home/parallels/test/install/mobile_robot/share/mobile_robot/launch/mobile_robot_recognition/scripts/.gitattributes
-- Up-to-date: /home/parallels/test/install/mobile_robot/share/mobile_robot/launch/mobile_robot_recognition/scripts/yolov8_ros2_pt.py
-- Up-to-date: /home/parallels/test/install/mobile_robot/share/mobile_robot/launch/mobile_robot_recognition/scripts/yolov8n.pt
-- Up-to-date: /home/parallels/test/install/mobile_robot/share/mobile_robot/launch/mobile_robot_recognition/CMakeLists.txt
-- Installing: /home/parallels/test/install/mobile_robot/share/mobile_robot/launch/gazebo_model.launch.py
-- Up-to-date: /home/parallels/test/install/mobile_robot/share/mobile_robot/launch/mobile_robot_msgs
-- Up-to-date: /home/parallels/test/install/mobile_robot/share/mobile_robot/launch/mobile_robot_msgs/package.xml
-- Up-to-date: /home/parallels/test/install/mobile_robot/share/mobile_robot/launch/mobile_robot_msgs/msg
-- Up-to-date: /home/parallels/test/install/mobile_robot/share/mobile_robot/launch/mobile_robot_msgs/msg/InferenceResult.msg
-- Up-to-date: /home/parallels/test/install/mobile_robot/share/mobile_robot/launch/mobile_robot_msgs/msg/Yolov8Inference.msg
-- Up-to-date: /home/parallels/test/install/mobile_robot/share/mobile_robot/launch/mobile_robot_msgs/CMakeLists.txt
-- Up-to-date: /home/parallels/test/install/mobile_robot/share/mobile_robot/model
-- Up-to-date: /home/parallels/test/install/mobile_robot/share/mobile_robot/model/robot.gazebo
-- Up-to-date: /home/parallels/test/install/mobile_robot/share/mobile_robot/model/empty_world (copy).world
-- Up-to-date: /home/parallels/test/install/mobile_robot/share/mobile_robot/model/robot.xacro
-- Up-to-date: /home/parallels/test/install/mobile_robot/share/mobile_robot/model/empty_world.world
-- Up-to-date: /home/parallels/test/install/mobile_robot/share/mobile_robot/model/empty_world (another copy).world
-- Up-to-date: /home/parallels/test/install/mobile_robot/share/ament_index/resource_index/package_run_dependencies/mobile_robot
-- Up-to-date: /home/parallels/test/install/mobile_robot/share/ament_index/resource_index/parent_prefix_path/mobile_robot
-- Up-to-date: /home/parallels/test/install/mobile_robot/share/mobile_robot/environment/ament_prefix_path.sh
-- Up-to-date: /home/parallels/test/install/mobile_robot/share/mobile_robot/environment/ament_prefix_path.dsv
-- Up-to-date: /home/parallels/test/install/mobile_robot/share/mobile_robot/environment/path.sh
-- Up-to-date: /home/parallels/test/install/mobile_robot/share/mobile_robot/environment/path.dsv
-- Up-to-date: /home/parallels/test/install/mobile_robot/share/mobile_robot/local_setup.bash
-- Up-to-date: /home/parallels/test/install/mobile_robot/share/mobile_robot/local_setup.sh
-- Up-to-date: /home/parallels/test/install/mobile_robot/share/mobile_robot/local_setup.zsh
-- Up-to-date: /home/parallels/test/install/mobile_robot/share/mobile_robot/local_setup.dsv
-- Installing: /home/parallels/test/install/mobile_robot/share/mobile_robot/package.dsv
-- Up-to-date: /home/parallels/test/install/mobile_robot/share/ament_index/resource_index/packages/mobile_robot
-- Up-to-date: /home/parallels/test/install/mobile_robot/share/mobile_robot/cmake/mobile_robotConfig.cmake
-- Up-to-date: /home/parallels/test/install/mobile_robot/share/mobile_robot/cmake/mobile_robotConfig-version.cmake
-- Up-to-date: /home/parallels/test/install/mobile_robot/share/mobile_robot/package.xml
